460  [main] INFO  o.s.t.c.s.AnnotationConfigContextLoaderUtils– Could not detect default configuration classes for test class [com.fox.factory.ProductControllerTests]: ProductControllerTests does not declare any static, non-private, non-final, nested classes annotated with @Configuration.
713  [main] INFO  o.s.b.t.c.SpringBootTestContextBootstrapper– Found @SpringBootConfiguration com.fox.factory.FactoryApplication for test class com.fox.factory.ProductControllerTests
1428 [background-preinit] INFO  o.h.validator.internal.util.Version– HV000001: Hibernate Validator 8.0.0.Final
1536 [main] INFO  c.f.factory.ProductControllerTests– Starting ProductControllerTests using Java 17.0.6 with PID 34812 (started by kave7 in C:\Users\kave7\IdeaProjects\factory)
1538 [main] INFO  c.f.factory.ProductControllerTests– No active profile set, falling back to 1 default profile: "default"
2908 [main] INFO  o.s.d.r.c.RepositoryConfigurationDelegate– Bootstrapping Spring Data JPA repositories in DEFAULT mode.
3098 [main] INFO  o.s.d.r.c.RepositoryConfigurationDelegate– Finished Spring Data repository scanning in 178 ms. Found 8 JPA repository interfaces.
5590 [main] INFO  o.s.b.w.e.tomcat.TomcatWebServer– Tomcat initialized with port(s): 0 (http)
5608 [main] INFO  o.a.coyote.http11.Http11NioProtocol– Initializing ProtocolHandler ["http-nio-auto-1"]
5610 [main] INFO  o.a.catalina.core.StandardService– Starting service [Tomcat]
5611 [main] INFO  o.a.catalina.core.StandardEngine– Starting Servlet engine: [Apache Tomcat/10.1.5]
5826 [main] INFO  o.a.c.c.C.[Tomcat].[localhost].[/]– Initializing Spring embedded WebApplicationContext
5827 [main] INFO  o.s.b.w.s.c.ServletWebServerApplicationContext– Root WebApplicationContext: initialization completed in 4248 ms
6405 [main] INFO  o.h.jpa.internal.util.LogHelper– HHH000204: Processing PersistenceUnitInfo [name: default]
6551 [main] INFO  org.hibernate.Version– HHH000412: Hibernate ORM core version 6.1.7.Final
7235 [main] INFO  com.zaxxer.hikari.HikariDataSource– HikariPool-1 - Starting...
7714 [main] INFO  com.zaxxer.hikari.pool.HikariPool– HikariPool-1 - Added connection org.postgresql.jdbc.PgConnection@21a0795f
7718 [main] INFO  com.zaxxer.hikari.HikariDataSource– HikariPool-1 - Start completed.
7874 [main] INFO  SQL dialect– HHH000400: Using dialect: org.hibernate.dialect.PostgreSQLDialect
10623 [main] INFO  o.h.e.t.j.p.i.JtaPlatformInitiator– HHH000490: Using JtaPlatform implementation: [org.hibernate.engine.transaction.jta.platform.internal.NoJtaPlatform]
10636 [main] INFO  o.s.o.j.LocalContainerEntityManagerFactoryBean– Initialized JPA EntityManagerFactory for persistence unit 'default'
11946 [main] WARN  o.s.b.a.o.j.JpaBaseConfiguration$JpaWebConfiguration– spring.jpa.open-in-view is enabled by default. Therefore, database queries may be performed during view rendering. Explicitly configure spring.jpa.open-in-view to disable this warning
12263 [main] INFO  o.s.s.w.DefaultSecurityFilterChain– Will secure any request with [org.springframework.security.web.session.DisableEncodeUrlFilter@1368e451, org.springframework.security.web.context.request.async.WebAsyncManagerIntegrationFilter@6ce365b7, org.springframework.security.web.context.SecurityContextHolderFilter@3a892b9f, org.springframework.security.web.header.HeaderWriterFilter@4ca6e265, org.springframework.security.web.authentication.logout.LogoutFilter@2b55ac77, com.fox.factory.security.JwtAuthenticationFilter@34986491, org.springframework.security.web.savedrequest.RequestCacheAwareFilter@d436e51, org.springframework.security.web.servletapi.SecurityContextHolderAwareRequestFilter@35cc5b75, org.springframework.security.web.authentication.AnonymousAuthenticationFilter@2296ed0d, org.springframework.security.web.session.SessionManagementFilter@60eacbbf, org.springframework.security.web.access.ExceptionTranslationFilter@363d3958, org.springframework.security.web.access.intercept.AuthorizationFilter@34f876c]
28952 [main] INFO  o.s.b.a.e.web.EndpointLinksResolver– Exposing 1 endpoint(s) beneath base path '/actuator'
29116 [main] INFO  o.a.coyote.http11.Http11NioProtocol– Starting ProtocolHandler ["http-nio-auto-1"]
29211 [main] INFO  o.s.b.w.e.tomcat.TomcatWebServer– Tomcat started on port(s): 57628 (http) with context path ''
29240 [main] INFO  c.f.factory.ProductControllerTests– Started ProductControllerTests in 28.2 seconds (process running for 40.54)
29763 [http-nio-auto-1-exec-1] INFO  o.a.c.c.C.[Tomcat].[localhost].[/]– Initializing Spring DispatcherServlet 'dispatcherServlet'
29764 [http-nio-auto-1-exec-1] INFO  o.s.web.servlet.DispatcherServlet– Initializing Servlet 'dispatcherServlet'
29767 [http-nio-auto-1-exec-1] INFO  o.s.web.servlet.DispatcherServlet– Completed initialization in 3 ms
29852 [http-nio-auto-1-exec-1] WARN  o.s.w.s.m.s.DefaultHandlerExceptionResolver– Resolved [org.springframework.web.HttpMediaTypeNotSupportedException: Content-Type 'text/plain;charset=UTF-8' is not supported]
30079 [SpringApplicationShutdownHook] INFO  o.s.o.j.LocalContainerEntityManagerFactoryBean– Closing JPA EntityManagerFactory for persistence unit 'default'
30083 [SpringApplicationShutdownHook] INFO  com.zaxxer.hikari.HikariDataSource– HikariPool-1 - Shutdown initiated...
30090 [SpringApplicationShutdownHook] INFO  com.zaxxer.hikari.HikariDataSource– HikariPool-1 - Shutdown completed.
406  [main] INFO  o.s.t.c.s.AnnotationConfigContextLoaderUtils– Could not detect default configuration classes for test class [com.fox.factory.ProductControllerTests]: ProductControllerTests does not declare any static, non-private, non-final, nested classes annotated with @Configuration.
592  [main] INFO  o.s.b.t.c.SpringBootTestContextBootstrapper– Found @SpringBootConfiguration com.fox.factory.FactoryApplication for test class com.fox.factory.ProductControllerTests
1201 [background-preinit] INFO  o.h.validator.internal.util.Version– HV000001: Hibernate Validator 8.0.0.Final
1296 [main] INFO  c.f.factory.ProductControllerTests– Starting ProductControllerTests using Java 17.0.6 with PID 48404 (started by kave7 in C:\Users\kave7\IdeaProjects\factory)
1298 [main] INFO  c.f.factory.ProductControllerTests– No active profile set, falling back to 1 default profile: "default"
2552 [main] INFO  o.s.d.r.c.RepositoryConfigurationDelegate– Bootstrapping Spring Data JPA repositories in DEFAULT mode.
2695 [main] INFO  o.s.d.r.c.RepositoryConfigurationDelegate– Finished Spring Data repository scanning in 132 ms. Found 8 JPA repository interfaces.
5611 [main] INFO  o.s.b.w.e.tomcat.TomcatWebServer– Tomcat initialized with port(s): 0 (http)
5622 [main] INFO  o.a.coyote.http11.Http11NioProtocol– Initializing ProtocolHandler ["http-nio-auto-1"]
5624 [main] INFO  o.a.catalina.core.StandardService– Starting service [Tomcat]
5624 [main] INFO  o.a.catalina.core.StandardEngine– Starting Servlet engine: [Apache Tomcat/10.1.5]
5783 [main] INFO  o.a.c.c.C.[Tomcat].[localhost].[/]– Initializing Spring embedded WebApplicationContext
5783 [main] INFO  o.s.b.w.s.c.ServletWebServerApplicationContext– Root WebApplicationContext: initialization completed in 4446 ms
6566 [main] INFO  o.h.jpa.internal.util.LogHelper– HHH000204: Processing PersistenceUnitInfo [name: default]
6792 [main] INFO  org.hibernate.Version– HHH000412: Hibernate ORM core version 6.1.7.Final
7430 [main] INFO  com.zaxxer.hikari.HikariDataSource– HikariPool-1 - Starting...
7752 [main] INFO  com.zaxxer.hikari.pool.HikariPool– HikariPool-1 - Added connection org.postgresql.jdbc.PgConnection@1f4cb17b
7757 [main] INFO  com.zaxxer.hikari.HikariDataSource– HikariPool-1 - Start completed.
7821 [main] INFO  SQL dialect– HHH000400: Using dialect: org.hibernate.dialect.PostgreSQLDialect
9687 [main] INFO  o.h.e.t.j.p.i.JtaPlatformInitiator– HHH000490: Using JtaPlatform implementation: [org.hibernate.engine.transaction.jta.platform.internal.NoJtaPlatform]
9703 [main] INFO  o.s.o.j.LocalContainerEntityManagerFactoryBean– Initialized JPA EntityManagerFactory for persistence unit 'default'
11657 [main] WARN  o.s.b.a.o.j.JpaBaseConfiguration$JpaWebConfiguration– spring.jpa.open-in-view is enabled by default. Therefore, database queries may be performed during view rendering. Explicitly configure spring.jpa.open-in-view to disable this warning
12143 [main] INFO  o.s.s.w.DefaultSecurityFilterChain– Will secure any request with [org.springframework.security.web.session.DisableEncodeUrlFilter@bf2f2ce, org.springframework.security.web.context.request.async.WebAsyncManagerIntegrationFilter@7b1d3a05, org.springframework.security.web.context.SecurityContextHolderFilter@567412db, org.springframework.security.web.header.HeaderWriterFilter@5eaab295, org.springframework.security.web.authentication.logout.LogoutFilter@53c68ea5, com.fox.factory.security.JwtAuthenticationFilter@561b4c61, org.springframework.security.web.savedrequest.RequestCacheAwareFilter@2d3bb293, org.springframework.security.web.servletapi.SecurityContextHolderAwareRequestFilter@4248608d, org.springframework.security.web.authentication.AnonymousAuthenticationFilter@cc41d2d, org.springframework.security.web.session.SessionManagementFilter@70376c6, org.springframework.security.web.access.ExceptionTranslationFilter@35825d43, org.springframework.security.web.access.intercept.AuthorizationFilter@12ec5e73]
25879 [main] INFO  o.s.b.a.e.web.EndpointLinksResolver– Exposing 1 endpoint(s) beneath base path '/actuator'
26136 [main] INFO  o.a.coyote.http11.Http11NioProtocol– Starting ProtocolHandler ["http-nio-auto-1"]
26213 [main] INFO  o.s.b.w.e.tomcat.TomcatWebServer– Tomcat started on port(s): 61218 (http) with context path ''
26248 [main] INFO  c.f.factory.ProductControllerTests– Started ProductControllerTests in 25.401 seconds (process running for 36.567)
26760 [http-nio-auto-1-exec-1] INFO  o.a.c.c.C.[Tomcat].[localhost].[/]– Initializing Spring DispatcherServlet 'dispatcherServlet'
26761 [http-nio-auto-1-exec-1] INFO  o.s.web.servlet.DispatcherServlet– Initializing Servlet 'dispatcherServlet'
26762 [http-nio-auto-1-exec-1] INFO  o.s.web.servlet.DispatcherServlet– Completed initialization in 1 ms
27139 [SpringApplicationShutdownHook] INFO  o.s.o.j.LocalContainerEntityManagerFactoryBean– Closing JPA EntityManagerFactory for persistence unit 'default'
27144 [SpringApplicationShutdownHook] INFO  com.zaxxer.hikari.HikariDataSource– HikariPool-1 - Shutdown initiated...
27150 [SpringApplicationShutdownHook] INFO  com.zaxxer.hikari.HikariDataSource– HikariPool-1 - Shutdown completed.
490  [main] INFO  o.s.t.c.s.AnnotationConfigContextLoaderUtils– Could not detect default configuration classes for test class [com.fox.factory.ProductControllerTests]: ProductControllerTests does not declare any static, non-private, non-final, nested classes annotated with @Configuration.
878  [main] INFO  o.s.b.t.c.SpringBootTestContextBootstrapper– Found @SpringBootConfiguration com.fox.factory.FactoryApplication for test class com.fox.factory.ProductControllerTests
2003 [background-preinit] INFO  o.h.validator.internal.util.Version– HV000001: Hibernate Validator 8.0.0.Final
2198 [main] INFO  c.f.factory.ProductControllerTests– Starting ProductControllerTests using Java 17.0.6 with PID 40612 (started by kave7 in C:\Users\kave7\IdeaProjects\factory)
2200 [main] INFO  c.f.factory.ProductControllerTests– No active profile set, falling back to 1 default profile: "default"
3820 [main] INFO  o.s.d.r.c.RepositoryConfigurationDelegate– Bootstrapping Spring Data JPA repositories in DEFAULT mode.
4110 [main] INFO  o.s.d.r.c.RepositoryConfigurationDelegate– Finished Spring Data repository scanning in 270 ms. Found 8 JPA repository interfaces.
7458 [main] INFO  o.s.b.w.e.tomcat.TomcatWebServer– Tomcat initialized with port(s): 0 (http)
7481 [main] INFO  o.a.coyote.http11.Http11NioProtocol– Initializing ProtocolHandler ["http-nio-auto-1"]
7484 [main] INFO  o.a.catalina.core.StandardService– Starting service [Tomcat]
7485 [main] INFO  o.a.catalina.core.StandardEngine– Starting Servlet engine: [Apache Tomcat/10.1.5]
7748 [main] INFO  o.a.c.c.C.[Tomcat].[localhost].[/]– Initializing Spring embedded WebApplicationContext
7749 [main] INFO  o.s.b.w.s.c.ServletWebServerApplicationContext– Root WebApplicationContext: initialization completed in 5486 ms
8479 [main] INFO  o.h.jpa.internal.util.LogHelper– HHH000204: Processing PersistenceUnitInfo [name: default]
8663 [main] INFO  org.hibernate.Version– HHH000412: Hibernate ORM core version 6.1.7.Final
9538 [main] INFO  com.zaxxer.hikari.HikariDataSource– HikariPool-1 - Starting...
9858 [main] INFO  com.zaxxer.hikari.pool.HikariPool– HikariPool-1 - Added connection org.postgresql.jdbc.PgConnection@1f4cb17b
9864 [main] INFO  com.zaxxer.hikari.HikariDataSource– HikariPool-1 - Start completed.
9938 [main] INFO  SQL dialect– HHH000400: Using dialect: org.hibernate.dialect.PostgreSQLDialect
12109 [main] INFO  o.h.e.t.j.p.i.JtaPlatformInitiator– HHH000490: Using JtaPlatform implementation: [org.hibernate.engine.transaction.jta.platform.internal.NoJtaPlatform]
12124 [main] INFO  o.s.o.j.LocalContainerEntityManagerFactoryBean– Initialized JPA EntityManagerFactory for persistence unit 'default'
13804 [main] WARN  o.s.b.a.o.j.JpaBaseConfiguration$JpaWebConfiguration– spring.jpa.open-in-view is enabled by default. Therefore, database queries may be performed during view rendering. Explicitly configure spring.jpa.open-in-view to disable this warning
14217 [main] INFO  o.s.s.w.DefaultSecurityFilterChain– Will secure any request with [org.springframework.security.web.session.DisableEncodeUrlFilter@12ec5e73, org.springframework.security.web.context.request.async.WebAsyncManagerIntegrationFilter@145c6e4d, org.springframework.security.web.context.SecurityContextHolderFilter@70376c6, org.springframework.security.web.header.HeaderWriterFilter@2fedf25b, org.springframework.security.web.authentication.logout.LogoutFilter@65c97eeb, com.fox.factory.security.JwtAuthenticationFilter@561b4c61, org.springframework.security.web.savedrequest.RequestCacheAwareFilter@55c75b72, org.springframework.security.web.servletapi.SecurityContextHolderAwareRequestFilter@567412db, org.springframework.security.web.authentication.AnonymousAuthenticationFilter@689504b1, org.springframework.security.web.session.SessionManagementFilter@2181144e, org.springframework.security.web.access.ExceptionTranslationFilter@3d2af8d7, org.springframework.security.web.access.intercept.AuthorizationFilter@2b55ac77]
28457 [main] INFO  o.s.b.a.e.web.EndpointLinksResolver– Exposing 1 endpoint(s) beneath base path '/actuator'
28630 [main] INFO  o.a.coyote.http11.Http11NioProtocol– Starting ProtocolHandler ["http-nio-auto-1"]
28725 [main] INFO  o.s.b.w.e.tomcat.TomcatWebServer– Tomcat started on port(s): 62676 (http) with context path ''
28754 [main] INFO  c.f.factory.ProductControllerTests– Started ProductControllerTests in 27.434 seconds (process running for 39.205)
29278 [http-nio-auto-1-exec-1] INFO  o.a.c.c.C.[Tomcat].[localhost].[/]– Initializing Spring DispatcherServlet 'dispatcherServlet'
29279 [http-nio-auto-1-exec-1] INFO  o.s.web.servlet.DispatcherServlet– Initializing Servlet 'dispatcherServlet'
29283 [http-nio-auto-1-exec-1] INFO  o.s.web.servlet.DispatcherServlet– Completed initialization in 3 ms
29644 [http-nio-auto-1-exec-1] INFO  c.fox.factory.utils.LoggingAspect– Execution time (milis) 235 method execution(public com.fox.factory.entities.dto.ProductDetailDto com.fox.factory.service.ProductService.findById(java.lang.Long))
30062 [SpringApplicationShutdownHook] INFO  o.s.o.j.LocalContainerEntityManagerFactoryBean– Closing JPA EntityManagerFactory for persistence unit 'default'
30066 [SpringApplicationShutdownHook] INFO  com.zaxxer.hikari.HikariDataSource– HikariPool-1 - Shutdown initiated...
30073 [SpringApplicationShutdownHook] INFO  com.zaxxer.hikari.HikariDataSource– HikariPool-1 - Shutdown completed.
462  [main] INFO  o.s.t.c.s.AnnotationConfigContextLoaderUtils– Could not detect default configuration classes for test class [com.fox.factory.ProductControllerTests]: ProductControllerTests does not declare any static, non-private, non-final, nested classes annotated with @Configuration.
647  [main] INFO  o.s.b.t.c.SpringBootTestContextBootstrapper– Found @SpringBootConfiguration com.fox.factory.FactoryApplication for test class com.fox.factory.ProductControllerTests
1236 [background-preinit] INFO  o.h.validator.internal.util.Version– HV000001: Hibernate Validator 8.0.0.Final
1343 [main] INFO  c.f.factory.ProductControllerTests– Starting ProductControllerTests using Java 17.0.6 with PID 32868 (started by kave7 in C:\Users\kave7\IdeaProjects\factory)
1345 [main] INFO  c.f.factory.ProductControllerTests– No active profile set, falling back to 1 default profile: "default"
2714 [main] INFO  o.s.d.r.c.RepositoryConfigurationDelegate– Bootstrapping Spring Data JPA repositories in DEFAULT mode.
2891 [main] INFO  o.s.d.r.c.RepositoryConfigurationDelegate– Finished Spring Data repository scanning in 162 ms. Found 8 JPA repository interfaces.
6076 [main] INFO  o.s.b.w.e.tomcat.TomcatWebServer– Tomcat initialized with port(s): 0 (http)
6119 [main] INFO  o.a.coyote.http11.Http11NioProtocol– Initializing ProtocolHandler ["http-nio-auto-1"]
6121 [main] INFO  o.a.catalina.core.StandardService– Starting service [Tomcat]
6122 [main] INFO  o.a.catalina.core.StandardEngine– Starting Servlet engine: [Apache Tomcat/10.1.5]
6353 [main] INFO  o.a.c.c.C.[Tomcat].[localhost].[/]– Initializing Spring embedded WebApplicationContext
6354 [main] INFO  o.s.b.w.s.c.ServletWebServerApplicationContext– Root WebApplicationContext: initialization completed in 4973 ms
8100 [main] INFO  o.h.jpa.internal.util.LogHelper– HHH000204: Processing PersistenceUnitInfo [name: default]
8315 [main] INFO  org.hibernate.Version– HHH000412: Hibernate ORM core version 6.1.7.Final
8906 [main] INFO  com.zaxxer.hikari.HikariDataSource– HikariPool-1 - Starting...
9246 [main] INFO  com.zaxxer.hikari.pool.HikariPool– HikariPool-1 - Added connection org.postgresql.jdbc.PgConnection@66a8ff6d
9251 [main] INFO  com.zaxxer.hikari.HikariDataSource– HikariPool-1 - Start completed.
9319 [main] INFO  SQL dialect– HHH000400: Using dialect: org.hibernate.dialect.PostgreSQLDialect
11451 [main] INFO  o.h.e.t.j.p.i.JtaPlatformInitiator– HHH000490: Using JtaPlatform implementation: [org.hibernate.engine.transaction.jta.platform.internal.NoJtaPlatform]
11471 [main] INFO  o.s.o.j.LocalContainerEntityManagerFactoryBean– Initialized JPA EntityManagerFactory for persistence unit 'default'
13937 [main] WARN  o.s.b.a.o.j.JpaBaseConfiguration$JpaWebConfiguration– spring.jpa.open-in-view is enabled by default. Therefore, database queries may be performed during view rendering. Explicitly configure spring.jpa.open-in-view to disable this warning
14442 [main] INFO  o.s.s.w.DefaultSecurityFilterChain– Will secure any request with [org.springframework.security.web.session.DisableEncodeUrlFilter@77a27356, org.springframework.security.web.context.request.async.WebAsyncManagerIntegrationFilter@73c21b13, org.springframework.security.web.context.SecurityContextHolderFilter@3c380db5, org.springframework.security.web.header.HeaderWriterFilter@7220ff10, org.springframework.security.web.authentication.logout.LogoutFilter@5d8edf2, com.fox.factory.security.JwtAuthenticationFilter@61f2bf3a, org.springframework.security.web.savedrequest.RequestCacheAwareFilter@f9d7d3f, org.springframework.security.web.servletapi.SecurityContextHolderAwareRequestFilter@264f18fe, org.springframework.security.web.authentication.AnonymousAuthenticationFilter@66e6e5e9, org.springframework.security.web.session.SessionManagementFilter@24c8bc1e, org.springframework.security.web.access.ExceptionTranslationFilter@25f3207e, org.springframework.security.web.access.intercept.AuthorizationFilter@c310aa3]
29511 [main] INFO  o.a.c.c.C.[Tomcat].[localhost].[/]– Initializing Spring TestDispatcherServlet ''
29512 [main] INFO  o.s.t.w.s.TestDispatcherServlet– Initializing Servlet ''
29524 [main] INFO  o.s.b.a.e.web.EndpointLinksResolver– Exposing 1 endpoint(s) beneath base path '/actuator'
29552 [main] INFO  o.s.t.w.s.TestDispatcherServlet– Completed initialization in 40 ms
29705 [main] INFO  o.a.coyote.http11.Http11NioProtocol– Starting ProtocolHandler ["http-nio-auto-1"]
29786 [main] INFO  o.s.b.w.e.tomcat.TomcatWebServer– Tomcat started on port(s): 53018 (http) with context path ''
29812 [main] INFO  c.f.factory.ProductControllerTests– Started ProductControllerTests in 28.957 seconds (process running for 40.187)
30485 [SpringApplicationShutdownHook] INFO  o.s.o.j.LocalContainerEntityManagerFactoryBean– Closing JPA EntityManagerFactory for persistence unit 'default'
30489 [SpringApplicationShutdownHook] INFO  com.zaxxer.hikari.HikariDataSource– HikariPool-1 - Shutdown initiated...
30499 [SpringApplicationShutdownHook] INFO  com.zaxxer.hikari.HikariDataSource– HikariPool-1 - Shutdown completed.
428  [main] INFO  o.s.t.c.s.AnnotationConfigContextLoaderUtils– Could not detect default configuration classes for test class [com.fox.factory.ProductControllerTests]: ProductControllerTests does not declare any static, non-private, non-final, nested classes annotated with @Configuration.
619  [main] INFO  o.s.b.t.c.SpringBootTestContextBootstrapper– Found @SpringBootConfiguration com.fox.factory.FactoryApplication for test class com.fox.factory.ProductControllerTests
1279 [background-preinit] INFO  o.h.validator.internal.util.Version– HV000001: Hibernate Validator 8.0.0.Final
1393 [main] INFO  c.f.factory.ProductControllerTests– Starting ProductControllerTests using Java 17.0.6 with PID 41868 (started by kave7 in C:\Users\kave7\IdeaProjects\factory)
1395 [main] INFO  c.f.factory.ProductControllerTests– No active profile set, falling back to 1 default profile: "default"
2738 [main] INFO  o.s.d.r.c.RepositoryConfigurationDelegate– Bootstrapping Spring Data JPA repositories in DEFAULT mode.
2905 [main] INFO  o.s.d.r.c.RepositoryConfigurationDelegate– Finished Spring Data repository scanning in 152 ms. Found 8 JPA repository interfaces.
5756 [main] INFO  o.s.b.w.e.tomcat.TomcatWebServer– Tomcat initialized with port(s): 0 (http)
5776 [main] INFO  o.a.coyote.http11.Http11NioProtocol– Initializing ProtocolHandler ["http-nio-auto-1"]
5778 [main] INFO  o.a.catalina.core.StandardService– Starting service [Tomcat]
5779 [main] INFO  o.a.catalina.core.StandardEngine– Starting Servlet engine: [Apache Tomcat/10.1.5]
6062 [main] INFO  o.a.c.c.C.[Tomcat].[localhost].[/]– Initializing Spring embedded WebApplicationContext
6063 [main] INFO  o.s.b.w.s.c.ServletWebServerApplicationContext– Root WebApplicationContext: initialization completed in 4629 ms
6868 [main] INFO  o.h.jpa.internal.util.LogHelper– HHH000204: Processing PersistenceUnitInfo [name: default]
7058 [main] INFO  org.hibernate.Version– HHH000412: Hibernate ORM core version 6.1.7.Final
7738 [main] INFO  com.zaxxer.hikari.HikariDataSource– HikariPool-1 - Starting...
8038 [main] INFO  com.zaxxer.hikari.pool.HikariPool– HikariPool-1 - Added connection org.postgresql.jdbc.PgConnection@4b9b5da5
8042 [main] INFO  com.zaxxer.hikari.HikariDataSource– HikariPool-1 - Start completed.
8090 [main] INFO  SQL dialect– HHH000400: Using dialect: org.hibernate.dialect.PostgreSQLDialect
10048 [main] INFO  o.h.e.t.j.p.i.JtaPlatformInitiator– HHH000490: Using JtaPlatform implementation: [org.hibernate.engine.transaction.jta.platform.internal.NoJtaPlatform]
10065 [main] INFO  o.s.o.j.LocalContainerEntityManagerFactoryBean– Initialized JPA EntityManagerFactory for persistence unit 'default'
12290 [main] WARN  o.s.b.a.o.j.JpaBaseConfiguration$JpaWebConfiguration– spring.jpa.open-in-view is enabled by default. Therefore, database queries may be performed during view rendering. Explicitly configure spring.jpa.open-in-view to disable this warning
13409 [main] INFO  o.s.s.w.DefaultSecurityFilterChain– Will secure any request with [org.springframework.security.web.session.DisableEncodeUrlFilter@74c919b2, org.springframework.security.web.context.request.async.WebAsyncManagerIntegrationFilter@79224636, org.springframework.security.web.context.SecurityContextHolderFilter@404a7c61, org.springframework.security.web.header.HeaderWriterFilter@44f86613, org.springframework.security.web.authentication.logout.LogoutFilter@1849d35a, com.fox.factory.security.JwtAuthenticationFilter@571360b2, org.springframework.security.web.savedrequest.RequestCacheAwareFilter@1da9f44c, org.springframework.security.web.servletapi.SecurityContextHolderAwareRequestFilter@16a83016, org.springframework.security.web.authentication.AnonymousAuthenticationFilter@35307365, org.springframework.security.web.session.SessionManagementFilter@776eb512, org.springframework.security.web.access.ExceptionTranslationFilter@5a640f98, org.springframework.security.web.access.intercept.AuthorizationFilter@565b77ba]
32988 [main] INFO  o.a.c.c.C.[Tomcat].[localhost].[/]– Initializing Spring TestDispatcherServlet ''
32989 [main] INFO  o.s.t.w.s.TestDispatcherServlet– Initializing Servlet ''
33003 [main] INFO  o.s.b.a.e.web.EndpointLinksResolver– Exposing 1 endpoint(s) beneath base path '/actuator'
33039 [main] INFO  o.s.t.w.s.TestDispatcherServlet– Completed initialization in 50 ms
33179 [main] INFO  o.a.coyote.http11.Http11NioProtocol– Starting ProtocolHandler ["http-nio-auto-1"]
33309 [main] INFO  o.s.b.w.e.tomcat.TomcatWebServer– Tomcat started on port(s): 54883 (http) with context path ''
33341 [main] INFO  c.f.factory.ProductControllerTests– Started ProductControllerTests in 32.479 seconds (process running for 44.163)
34297 [main] INFO  c.fox.factory.utils.LoggingAspect– Execution time (milis) 291 method execution(public java.util.List com.fox.factory.service.CatrgoryService.getAll())
34694 [http-nio-auto-1-exec-1] INFO  o.a.c.c.C.[Tomcat].[localhost].[/]– Initializing Spring DispatcherServlet 'dispatcherServlet'
34696 [http-nio-auto-1-exec-1] INFO  o.s.web.servlet.DispatcherServlet– Initializing Servlet 'dispatcherServlet'
34697 [http-nio-auto-1-exec-1] INFO  o.s.web.servlet.DispatcherServlet– Completed initialization in 1 ms
35139 [SpringApplicationShutdownHook] INFO  o.s.o.j.LocalContainerEntityManagerFactoryBean– Closing JPA EntityManagerFactory for persistence unit 'default'
35144 [SpringApplicationShutdownHook] INFO  com.zaxxer.hikari.HikariDataSource– HikariPool-1 - Shutdown initiated...
35158 [SpringApplicationShutdownHook] INFO  com.zaxxer.hikari.HikariDataSource– HikariPool-1 - Shutdown completed.
467  [main] INFO  o.s.t.c.s.AnnotationConfigContextLoaderUtils– Could not detect default configuration classes for test class [com.fox.factory.ProductControllerTests]: ProductControllerTests does not declare any static, non-private, non-final, nested classes annotated with @Configuration.
668  [main] INFO  o.s.b.t.c.SpringBootTestContextBootstrapper– Found @SpringBootConfiguration com.fox.factory.FactoryApplication for test class com.fox.factory.ProductControllerTests
1301 [background-preinit] INFO  o.h.validator.internal.util.Version– HV000001: Hibernate Validator 8.0.0.Final
1417 [main] INFO  c.f.factory.ProductControllerTests– Starting ProductControllerTests using Java 17.0.6 with PID 39700 (started by kave7 in C:\Users\kave7\IdeaProjects\factory)
1420 [main] INFO  c.f.factory.ProductControllerTests– No active profile set, falling back to 1 default profile: "default"
2715 [main] INFO  o.s.d.r.c.RepositoryConfigurationDelegate– Bootstrapping Spring Data JPA repositories in DEFAULT mode.
2893 [main] INFO  o.s.d.r.c.RepositoryConfigurationDelegate– Finished Spring Data repository scanning in 164 ms. Found 8 JPA repository interfaces.
5750 [main] INFO  o.s.b.w.e.tomcat.TomcatWebServer– Tomcat initialized with port(s): 0 (http)
5776 [main] INFO  o.a.coyote.http11.Http11NioProtocol– Initializing ProtocolHandler ["http-nio-auto-1"]
5778 [main] INFO  o.a.catalina.core.StandardService– Starting service [Tomcat]
5779 [main] INFO  o.a.catalina.core.StandardEngine– Starting Servlet engine: [Apache Tomcat/10.1.5]
6069 [main] INFO  o.a.c.c.C.[Tomcat].[localhost].[/]– Initializing Spring embedded WebApplicationContext
6070 [main] INFO  o.s.b.w.s.c.ServletWebServerApplicationContext– Root WebApplicationContext: initialization completed in 4614 ms
6721 [main] INFO  o.h.jpa.internal.util.LogHelper– HHH000204: Processing PersistenceUnitInfo [name: default]
6862 [main] INFO  org.hibernate.Version– HHH000412: Hibernate ORM core version 6.1.7.Final
7532 [main] INFO  com.zaxxer.hikari.HikariDataSource– HikariPool-1 - Starting...
7847 [main] INFO  com.zaxxer.hikari.pool.HikariPool– HikariPool-1 - Added connection org.postgresql.jdbc.PgConnection@4b9b5da5
7852 [main] INFO  com.zaxxer.hikari.HikariDataSource– HikariPool-1 - Start completed.
7935 [main] INFO  SQL dialect– HHH000400: Using dialect: org.hibernate.dialect.PostgreSQLDialect
10074 [main] INFO  o.h.e.t.j.p.i.JtaPlatformInitiator– HHH000490: Using JtaPlatform implementation: [org.hibernate.engine.transaction.jta.platform.internal.NoJtaPlatform]
10091 [main] INFO  o.s.o.j.LocalContainerEntityManagerFactoryBean– Initialized JPA EntityManagerFactory for persistence unit 'default'
11585 [main] WARN  o.s.b.a.o.j.JpaBaseConfiguration$JpaWebConfiguration– spring.jpa.open-in-view is enabled by default. Therefore, database queries may be performed during view rendering. Explicitly configure spring.jpa.open-in-view to disable this warning
11959 [main] INFO  o.s.s.w.DefaultSecurityFilterChain– Will secure any request with [org.springframework.security.web.session.DisableEncodeUrlFilter@74c919b2, org.springframework.security.web.context.request.async.WebAsyncManagerIntegrationFilter@79224636, org.springframework.security.web.context.SecurityContextHolderFilter@404a7c61, org.springframework.security.web.header.HeaderWriterFilter@44f86613, org.springframework.security.web.authentication.logout.LogoutFilter@1849d35a, com.fox.factory.security.JwtAuthenticationFilter@571360b2, org.springframework.security.web.savedrequest.RequestCacheAwareFilter@1da9f44c, org.springframework.security.web.servletapi.SecurityContextHolderAwareRequestFilter@16a83016, org.springframework.security.web.authentication.AnonymousAuthenticationFilter@35307365, org.springframework.security.web.session.SessionManagementFilter@776eb512, org.springframework.security.web.access.ExceptionTranslationFilter@5a640f98, org.springframework.security.web.access.intercept.AuthorizationFilter@565b77ba]
27850 [main] INFO  o.a.c.c.C.[Tomcat].[localhost].[/]– Initializing Spring TestDispatcherServlet ''
27850 [main] INFO  o.s.t.w.s.TestDispatcherServlet– Initializing Servlet ''
27859 [main] INFO  o.s.b.a.e.web.EndpointLinksResolver– Exposing 1 endpoint(s) beneath base path '/actuator'
27891 [main] INFO  o.s.t.w.s.TestDispatcherServlet– Completed initialization in 41 ms
28015 [main] INFO  o.a.coyote.http11.Http11NioProtocol– Starting ProtocolHandler ["http-nio-auto-1"]
28084 [main] INFO  o.s.b.w.e.tomcat.TomcatWebServer– Tomcat started on port(s): 55524 (http) with context path ''
28111 [main] INFO  c.f.factory.ProductControllerTests– Started ProductControllerTests in 27.202 seconds (process running for 38.916)
29063 [main] INFO  c.fox.factory.utils.LoggingAspect– Execution time (milis) 313 method execution(public java.util.List com.fox.factory.service.CatrgoryService.getAll())
29397 [http-nio-auto-1-exec-1] INFO  o.a.c.c.C.[Tomcat].[localhost].[/]– Initializing Spring DispatcherServlet 'dispatcherServlet'
29398 [http-nio-auto-1-exec-1] INFO  o.s.web.servlet.DispatcherServlet– Initializing Servlet 'dispatcherServlet'
29400 [http-nio-auto-1-exec-1] INFO  o.s.web.servlet.DispatcherServlet– Completed initialization in 2 ms
29698 [http-nio-auto-1-exec-1] INFO  c.fox.factory.utils.LoggingAspect– Execution time (milis) 66 method execution(public com.fox.factory.entities.dto.CommentsDto com.fox.factory.service.CommentService.create(com.fox.factory.entities.dto.CommentCreateDto))
29740 [http-nio-auto-1-exec-1] INFO  c.fox.factory.utils.LoggingAspect– Execution time (milis) 178 method execution(public com.fox.factory.entities.dto.ProductDetailDto com.fox.factory.service.ProductService.commentProduct(java.lang.Long,com.fox.factory.entities.dto.CommentCreateDto))
30251 [http-nio-auto-1-exec-3] INFO  c.fox.factory.utils.LoggingAspect– Execution time (milis) 264 method execution(public java.util.List com.fox.factory.service.ProductService.findByCategoriesAndNames(java.util.List,java.lang.String,org.springframework.data.domain.Pageable))
30403 [SpringApplicationShutdownHook] INFO  o.s.o.j.LocalContainerEntityManagerFactoryBean– Closing JPA EntityManagerFactory for persistence unit 'default'
30407 [SpringApplicationShutdownHook] INFO  com.zaxxer.hikari.HikariDataSource– HikariPool-1 - Shutdown initiated...
30414 [SpringApplicationShutdownHook] INFO  com.zaxxer.hikari.HikariDataSource– HikariPool-1 - Shutdown completed.
837  [main] INFO  o.s.t.c.s.AnnotationConfigContextLoaderUtils– Could not detect default configuration classes for test class [com.fox.factory.ProductControllerTests]: ProductControllerTests does not declare any static, non-private, non-final, nested classes annotated with @Configuration.
1146 [main] INFO  o.s.b.t.c.SpringBootTestContextBootstrapper– Found @SpringBootConfiguration com.fox.factory.FactoryApplication for test class com.fox.factory.ProductControllerTests
2133 [background-preinit] INFO  o.h.validator.internal.util.Version– HV000001: Hibernate Validator 8.0.0.Final
2267 [main] INFO  c.f.factory.ProductControllerTests– Starting ProductControllerTests using Java 17.0.6 with PID 31684 (started by kave7 in C:\Users\kave7\IdeaProjects\factory)
2269 [main] INFO  c.f.factory.ProductControllerTests– No active profile set, falling back to 1 default profile: "default"
4173 [main] INFO  o.s.d.r.c.RepositoryConfigurationDelegate– Bootstrapping Spring Data JPA repositories in DEFAULT mode.
4345 [main] INFO  o.s.d.r.c.RepositoryConfigurationDelegate– Finished Spring Data repository scanning in 155 ms. Found 8 JPA repository interfaces.
7523 [main] INFO  o.s.b.w.e.tomcat.TomcatWebServer– Tomcat initialized with port(s): 0 (http)
7581 [main] INFO  o.a.coyote.http11.Http11NioProtocol– Initializing ProtocolHandler ["http-nio-auto-1"]
7586 [main] INFO  o.a.catalina.core.StandardService– Starting service [Tomcat]
7587 [main] INFO  o.a.catalina.core.StandardEngine– Starting Servlet engine: [Apache Tomcat/10.1.5]
7931 [main] INFO  o.a.c.c.C.[Tomcat].[localhost].[/]– Initializing Spring embedded WebApplicationContext
7933 [main] INFO  o.s.b.w.s.c.ServletWebServerApplicationContext– Root WebApplicationContext: initialization completed in 5603 ms
8944 [main] INFO  o.h.jpa.internal.util.LogHelper– HHH000204: Processing PersistenceUnitInfo [name: default]
9225 [main] INFO  org.hibernate.Version– HHH000412: Hibernate ORM core version 6.1.7.Final
10130 [main] INFO  com.zaxxer.hikari.HikariDataSource– HikariPool-1 - Starting...
10453 [main] INFO  com.zaxxer.hikari.pool.HikariPool– HikariPool-1 - Added connection org.postgresql.jdbc.PgConnection@61fa3583
10457 [main] INFO  com.zaxxer.hikari.HikariDataSource– HikariPool-1 - Start completed.
10537 [main] INFO  SQL dialect– HHH000400: Using dialect: org.hibernate.dialect.PostgreSQLDialect
12585 [main] INFO  o.h.e.t.j.p.i.JtaPlatformInitiator– HHH000490: Using JtaPlatform implementation: [org.hibernate.engine.transaction.jta.platform.internal.NoJtaPlatform]
12607 [main] INFO  o.s.o.j.LocalContainerEntityManagerFactoryBean– Initialized JPA EntityManagerFactory for persistence unit 'default'
15405 [main] WARN  o.s.b.a.o.j.JpaBaseConfiguration$JpaWebConfiguration– spring.jpa.open-in-view is enabled by default. Therefore, database queries may be performed during view rendering. Explicitly configure spring.jpa.open-in-view to disable this warning
16203 [main] INFO  o.s.s.w.DefaultSecurityFilterChain– Will secure any request with [org.springframework.security.web.session.DisableEncodeUrlFilter@68226b59, org.springframework.security.web.context.request.async.WebAsyncManagerIntegrationFilter@3674164b, org.springframework.security.web.context.SecurityContextHolderFilter@3e03d75e, org.springframework.security.web.header.HeaderWriterFilter@41f57420, org.springframework.security.web.authentication.logout.LogoutFilter@428e875f, com.fox.factory.security.JwtAuthenticationFilter@ab5954d, org.springframework.security.web.savedrequest.RequestCacheAwareFilter@1ec8afc4, org.springframework.security.web.servletapi.SecurityContextHolderAwareRequestFilter@7cc8fd4b, org.springframework.security.web.authentication.AnonymousAuthenticationFilter@5b1e5366, org.springframework.security.web.session.SessionManagementFilter@70bbc163, org.springframework.security.web.access.ExceptionTranslationFilter@5c3cc103, org.springframework.security.web.access.intercept.AuthorizationFilter@264f18fe]
32641 [main] INFO  o.a.c.c.C.[Tomcat].[localhost].[/]– Initializing Spring TestDispatcherServlet ''
32642 [main] INFO  o.s.t.w.s.TestDispatcherServlet– Initializing Servlet ''
32656 [main] INFO  o.s.b.a.e.web.EndpointLinksResolver– Exposing 1 endpoint(s) beneath base path '/actuator'
32689 [main] INFO  o.s.t.w.s.TestDispatcherServlet– Completed initialization in 47 ms
32855 [main] INFO  o.a.coyote.http11.Http11NioProtocol– Starting ProtocolHandler ["http-nio-auto-1"]
32940 [main] INFO  o.s.b.w.e.tomcat.TomcatWebServer– Tomcat started on port(s): 58598 (http) with context path ''
32967 [main] INFO  c.f.factory.ProductControllerTests– Started ProductControllerTests in 31.487 seconds (process running for 44.137)
33636 [main] INFO  c.fox.factory.utils.LoggingAspect– Execution time (milis) 166 method execution(public java.util.List com.fox.factory.service.CatrgoryService.getAll())
33890 [http-nio-auto-1-exec-1] INFO  o.a.c.c.C.[Tomcat].[localhost].[/]– Initializing Spring DispatcherServlet 'dispatcherServlet'
33891 [http-nio-auto-1-exec-1] INFO  o.s.web.servlet.DispatcherServlet– Initializing Servlet 'dispatcherServlet'
33892 [http-nio-auto-1-exec-1] INFO  o.s.web.servlet.DispatcherServlet– Completed initialization in 1 ms
34073 [http-nio-auto-1-exec-1] INFO  c.fox.factory.utils.LoggingAspect– Execution time (milis) 34 method execution(public com.fox.factory.entities.dto.CommentsDto com.fox.factory.service.CommentService.create(com.fox.factory.entities.dto.CommentCreateDto))
34123 [http-nio-auto-1-exec-1] INFO  c.fox.factory.utils.LoggingAspect– Execution time (milis) 135 method execution(public com.fox.factory.entities.dto.ProductDetailDto com.fox.factory.service.ProductService.commentProduct(java.lang.Long,com.fox.factory.entities.dto.CommentCreateDto))
34487 [http-nio-auto-1-exec-3] INFO  c.fox.factory.utils.LoggingAspect– Execution time (milis) 165 method execution(public java.util.List com.fox.factory.service.ProductService.findByCategoriesAndNames(java.util.List,java.lang.String,org.springframework.data.domain.Pageable))
34585 [main] INFO  c.fox.factory.utils.LoggingAspect– Execution time (milis) 2 method execution( com.fox.factory.entities.Product com.fox.factory.service.ProductService.saveFormEntity(com.fox.factory.entities.Product))
34592 [main] INFO  c.fox.factory.utils.LoggingAspect– Execution time (milis) 61 method execution(public void com.fox.factory.service.ProductImageService.deleteImg(java.lang.Long))
34623 [main] WARN  o.h.e.jdbc.spi.SqlExceptionHelper– SQL Error: 0, SQLState: 23503
34623 [main] ERROR o.h.e.jdbc.spi.SqlExceptionHelper– ОШИБКА: UPDATE или DELETE в таблице "product_image" нарушает ограничение внешнего ключа "fk8eet3q38esevl4newv1tqcapj" таблицы "product_product_image_set"
  Detail: На ключ (id)=(1) всё ещё есть ссылки в таблице "product_product_image_set".
34625 [main] INFO  o.h.e.j.b.i.AbstractBatchImpl– HHH000010: On release of batch it still contained JDBC statements
34688 [main] INFO  c.fox.factory.utils.LoggingAspect– Execution time (milis) 12 method execution(public com.fox.factory.entities.dto.ProductImageDto1 com.fox.factory.service.ProductImageService.getById(java.lang.Long))
34825 [main] INFO  c.fox.factory.utils.LoggingAspect– Execution time (milis) 27 method execution(public com.fox.factory.entities.dto.ProductDetailDto com.fox.factory.service.ProductService.addImageToProduct(java.lang.Long,com.fox.factory.entities.ProductImage))
34826 [main] INFO  c.fox.factory.utils.LoggingAspect– Execution time (milis) 66 method execution(public com.fox.factory.entities.dto.ProductImageDto1 com.fox.factory.service.ProductImageService.createFromObject(java.lang.Long,com.fox.factory.entities.ProductImage))
34904 [SpringApplicationShutdownHook] INFO  o.s.o.j.LocalContainerEntityManagerFactoryBean– Closing JPA EntityManagerFactory for persistence unit 'default'
34908 [SpringApplicationShutdownHook] INFO  com.zaxxer.hikari.HikariDataSource– HikariPool-1 - Shutdown initiated...
34913 [SpringApplicationShutdownHook] INFO  com.zaxxer.hikari.HikariDataSource– HikariPool-1 - Shutdown completed.
465  [main] INFO  o.s.t.c.s.AnnotationConfigContextLoaderUtils– Could not detect default configuration classes for test class [com.fox.factory.ProductControllerTests]: ProductControllerTests does not declare any static, non-private, non-final, nested classes annotated with @Configuration.
668  [main] INFO  o.s.b.t.c.SpringBootTestContextBootstrapper– Found @SpringBootConfiguration com.fox.factory.FactoryApplication for test class com.fox.factory.ProductControllerTests
1265 [background-preinit] INFO  o.h.validator.internal.util.Version– HV000001: Hibernate Validator 8.0.0.Final
1375 [main] INFO  c.f.factory.ProductControllerTests– Starting ProductControllerTests using Java 17.0.6 with PID 13884 (started by kave7 in C:\Users\kave7\IdeaProjects\factory)
1378 [main] INFO  c.f.factory.ProductControllerTests– No active profile set, falling back to 1 default profile: "default"
2713 [main] INFO  o.s.d.r.c.RepositoryConfigurationDelegate– Bootstrapping Spring Data JPA repositories in DEFAULT mode.
2867 [main] INFO  o.s.d.r.c.RepositoryConfigurationDelegate– Finished Spring Data repository scanning in 142 ms. Found 8 JPA repository interfaces.
5867 [main] INFO  o.s.b.w.e.tomcat.TomcatWebServer– Tomcat initialized with port(s): 0 (http)
5887 [main] INFO  o.a.coyote.http11.Http11NioProtocol– Initializing ProtocolHandler ["http-nio-auto-1"]
5888 [main] INFO  o.a.catalina.core.StandardService– Starting service [Tomcat]
5889 [main] INFO  o.a.catalina.core.StandardEngine– Starting Servlet engine: [Apache Tomcat/10.1.5]
6117 [main] INFO  o.a.c.c.C.[Tomcat].[localhost].[/]– Initializing Spring embedded WebApplicationContext
6118 [main] INFO  o.s.b.w.s.c.ServletWebServerApplicationContext– Root WebApplicationContext: initialization completed in 4705 ms
6992 [main] INFO  o.h.jpa.internal.util.LogHelper– HHH000204: Processing PersistenceUnitInfo [name: default]
7220 [main] INFO  org.hibernate.Version– HHH000412: Hibernate ORM core version 6.1.7.Final
7952 [main] INFO  com.zaxxer.hikari.HikariDataSource– HikariPool-1 - Starting...
8264 [main] INFO  com.zaxxer.hikari.pool.HikariPool– HikariPool-1 - Added connection org.postgresql.jdbc.PgConnection@38856d6e
8269 [main] INFO  com.zaxxer.hikari.HikariDataSource– HikariPool-1 - Start completed.
8328 [main] INFO  SQL dialect– HHH000400: Using dialect: org.hibernate.dialect.PostgreSQLDialect
10231 [main] INFO  o.h.e.t.j.p.i.JtaPlatformInitiator– HHH000490: Using JtaPlatform implementation: [org.hibernate.engine.transaction.jta.platform.internal.NoJtaPlatform]
10247 [main] INFO  o.s.o.j.LocalContainerEntityManagerFactoryBean– Initialized JPA EntityManagerFactory for persistence unit 'default'
12420 [main] WARN  o.s.b.a.o.j.JpaBaseConfiguration$JpaWebConfiguration– spring.jpa.open-in-view is enabled by default. Therefore, database queries may be performed during view rendering. Explicitly configure spring.jpa.open-in-view to disable this warning
12969 [main] INFO  o.s.s.w.DefaultSecurityFilterChain– Will secure any request with [org.springframework.security.web.session.DisableEncodeUrlFilter@63a833c5, org.springframework.security.web.context.request.async.WebAsyncManagerIntegrationFilter@c310aa3, org.springframework.security.web.context.SecurityContextHolderFilter@36361951, org.springframework.security.web.header.HeaderWriterFilter@2c6c6b7b, org.springframework.security.web.authentication.logout.LogoutFilter@2b1f0667, com.fox.factory.security.JwtAuthenticationFilter@4a648b35, org.springframework.security.web.savedrequest.RequestCacheAwareFilter@16488ed7, org.springframework.security.web.servletapi.SecurityContextHolderAwareRequestFilter@3ac2772d, org.springframework.security.web.authentication.AnonymousAuthenticationFilter@4f7b4953, org.springframework.security.web.session.SessionManagementFilter@592efd6, org.springframework.security.web.access.ExceptionTranslationFilter@6d98e607, org.springframework.security.web.access.intercept.AuthorizationFilter@2968d3c0]
28416 [main] INFO  o.a.c.c.C.[Tomcat].[localhost].[/]– Initializing Spring TestDispatcherServlet ''
28417 [main] INFO  o.s.t.w.s.TestDispatcherServlet– Initializing Servlet ''
28441 [main] INFO  o.s.b.a.e.web.EndpointLinksResolver– Exposing 1 endpoint(s) beneath base path '/actuator'
28481 [main] INFO  o.s.t.w.s.TestDispatcherServlet– Completed initialization in 64 ms
28721 [main] INFO  o.a.coyote.http11.Http11NioProtocol– Starting ProtocolHandler ["http-nio-auto-1"]
28864 [main] INFO  o.s.b.w.e.tomcat.TomcatWebServer– Tomcat started on port(s): 65020 (http) with context path ''
28914 [main] INFO  c.f.factory.ProductControllerTests– Started ProductControllerTests in 28.02 seconds (process running for 39.8)
29815 [main] ERROR c.fox.factory.utils.LoggingAspect– Error occured while timing and executing method execution(public com.fox.factory.entities.dto.OrderItemInListDto com.fox.factory.service.OrderItemService.create(com.fox.factory.entities.dto.OrderItemInListDto))MSG: java.lang.NullPointerException: Cannot invoke "com.fox.factory.entities.dto.ProductListDto.getPrice()" because the return value of "com.fox.factory.entities.dto.OrderItemInListDto.getProduct()" is null
29818 [main] INFO  c.fox.factory.utils.LoggingAspect– Execution time (milis) 4 method execution(public com.fox.factory.entities.dto.OrderItemInListDto com.fox.factory.service.OrderItemService.create(com.fox.factory.entities.dto.OrderItemInListDto))
29820 [main] INFO  c.fox.factory.utils.LoggingAspect– Execution time (milis) 0 method execution(public com.fox.factory.entities.OrderItem com.fox.factory.service.OrderItemService.getObjectFromDto(com.fox.factory.entities.dto.OrderItemInListDto))
30030 [main] ERROR c.fox.factory.utils.LoggingAspect– Error occured while timing and executing method execution(public com.fox.factory.entities.dto.OrderDto com.fox.factory.service.OrderService.addOrderItem(java.lang.Long,com.fox.factory.entities.OrderItem))MSG: java.lang.NullPointerException: Cannot invoke "java.lang.Double.doubleValue()" because "this.totalPrice" is null
30030 [main] INFO  c.fox.factory.utils.LoggingAspect– Execution time (milis) 209 method execution(public com.fox.factory.entities.dto.OrderDto com.fox.factory.service.OrderService.addOrderItem(java.lang.Long,com.fox.factory.entities.OrderItem))
30360 [main] INFO  c.fox.factory.utils.LoggingAspect– Execution time (milis) 167 method execution(public java.util.List com.fox.factory.service.CatrgoryService.getAll())
30583 [http-nio-auto-1-exec-1] INFO  o.a.c.c.C.[Tomcat].[localhost].[/]– Initializing Spring DispatcherServlet 'dispatcherServlet'
30583 [http-nio-auto-1-exec-1] INFO  o.s.web.servlet.DispatcherServlet– Initializing Servlet 'dispatcherServlet'
30586 [http-nio-auto-1-exec-1] INFO  o.s.web.servlet.DispatcherServlet– Completed initialization in 3 ms
30679 [http-nio-auto-1-exec-1] INFO  c.fox.factory.utils.LoggingAspect– Execution time (milis) 34 method execution(public com.fox.factory.entities.dto.CommentsDto com.fox.factory.service.CommentService.create(com.fox.factory.entities.dto.CommentCreateDto))
30712 [http-nio-auto-1-exec-1] INFO  c.fox.factory.utils.LoggingAspect– Execution time (milis) 86 method execution(public com.fox.factory.entities.dto.ProductDetailDto com.fox.factory.service.ProductService.commentProduct(java.lang.Long,com.fox.factory.entities.dto.CommentCreateDto))
31008 [http-nio-auto-1-exec-3] INFO  c.fox.factory.utils.LoggingAspect– Execution time (milis) 144 method execution(public java.util.List com.fox.factory.service.ProductService.findByCategoriesAndNames(java.util.List,java.lang.String,org.springframework.data.domain.Pageable))
31060 [main] ERROR c.fox.factory.utils.LoggingAspect– Error occured while timing and executing method execution(public void com.fox.factory.service.ProductImageService.deleteImg(java.lang.Long))MSG: java.lang.NullPointerException: Cannot invoke "com.fox.factory.entities.Product.removeImage(com.fox.factory.entities.ProductImage)" because "product" is null
31061 [main] INFO  c.fox.factory.utils.LoggingAspect– Execution time (milis) 12 method execution(public void com.fox.factory.service.ProductImageService.deleteImg(java.lang.Long))
31128 [main] INFO  c.fox.factory.utils.LoggingAspect– Execution time (milis) 33 method execution(public java.util.List com.fox.factory.service.OrderItemService.create(java.util.List))
31134 [main] INFO  c.fox.factory.utils.LoggingAspect– Execution time (milis) 0 method execution(public java.util.List com.fox.factory.service.OrderItemService.getObjectFromDto(java.util.List))
31146 [main] INFO  c.fox.factory.utils.LoggingAspect– Execution time (milis) 10 method execution(public com.fox.factory.entities.dto.OrderDto com.fox.factory.service.OrderService.addOrderItem(java.lang.Long,java.util.List))
31168 [main] WARN  o.h.e.jdbc.spi.SqlExceptionHelper– SQL Error: 0, SQLState: 23505
31168 [main] ERROR o.h.e.jdbc.spi.SqlExceptionHelper– ОШИБКА: повторяющееся значение ключа нарушает ограничение уникальности "uk_lth6091twteddi1eirmyux5da"
  Detail: Ключ "(item_set_id)=(1)" уже существует.
31171 [main] INFO  o.h.e.j.b.i.AbstractBatchImpl– HHH000010: On release of batch it still contained JDBC statements
31230 [main] INFO  c.fox.factory.utils.LoggingAspect– Execution time (milis) 17 method execution(public com.fox.factory.entities.dto.ProductImageDto1 com.fox.factory.service.ProductImageService.getById(java.lang.Long))
31290 [main] INFO  c.fox.factory.utils.LoggingAspect– Execution time (milis) 7 method execution(public com.fox.factory.entities.dto.OrderDto com.fox.factory.service.OrderService.removeOrderItem(java.lang.Long,java.lang.Long))
31298 [main] INFO  c.fox.factory.utils.LoggingAspect– Execution time (milis) 6 method execution(public void com.fox.factory.service.OrderItemService.delete(java.lang.Long))
31300 [main] WARN  o.h.e.jdbc.spi.SqlExceptionHelper– SQL Error: 0, SQLState: 23503
31301 [main] ERROR o.h.e.jdbc.spi.SqlExceptionHelper– ОШИБКА: UPDATE или DELETE в таблице "order_item" нарушает ограничение внешнего ключа "fknrb6sy2u8bn97ejoc0misnn3r" таблицы "shop_orders_item_set"
  Detail: На ключ (id)=(1) всё ещё есть ссылки в таблице "shop_orders_item_set".
31301 [main] INFO  o.h.e.j.b.i.AbstractBatchImpl– HHH000010: On release of batch it still contained JDBC statements
31372 [main] INFO  c.fox.factory.utils.LoggingAspect– Execution time (milis) 32 method execution(public com.fox.factory.entities.dto.ProductDetailDto com.fox.factory.service.ProductService.addImageToProduct(java.lang.Long,com.fox.factory.entities.ProductImage))
31372 [main] INFO  c.fox.factory.utils.LoggingAspect– Execution time (milis) 45 method execution(public com.fox.factory.entities.dto.ProductImageDto1 com.fox.factory.service.ProductImageService.createFromObject(java.lang.Long,com.fox.factory.entities.ProductImage))
31459 [SpringApplicationShutdownHook] INFO  o.s.o.j.LocalContainerEntityManagerFactoryBean– Closing JPA EntityManagerFactory for persistence unit 'default'
31464 [SpringApplicationShutdownHook] INFO  com.zaxxer.hikari.HikariDataSource– HikariPool-1 - Shutdown initiated...
31471 [SpringApplicationShutdownHook] INFO  com.zaxxer.hikari.HikariDataSource– HikariPool-1 - Shutdown completed.
498  [main] INFO  o.s.t.c.s.AnnotationConfigContextLoaderUtils– Could not detect default configuration classes for test class [com.fox.factory.ProductControllerTests]: ProductControllerTests does not declare any static, non-private, non-final, nested classes annotated with @Configuration.
691  [main] INFO  o.s.b.t.c.SpringBootTestContextBootstrapper– Found @SpringBootConfiguration com.fox.factory.FactoryApplication for test class com.fox.factory.ProductControllerTests
2402 [background-preinit] INFO  o.h.validator.internal.util.Version– HV000001: Hibernate Validator 8.0.0.Final
2524 [main] INFO  c.f.factory.ProductControllerTests– Starting ProductControllerTests using Java 17.0.6 with PID 36704 (started by kave7 in C:\Users\kave7\IdeaProjects\factory)
2526 [main] INFO  c.f.factory.ProductControllerTests– No active profile set, falling back to 1 default profile: "default"
3996 [main] INFO  o.s.d.r.c.RepositoryConfigurationDelegate– Bootstrapping Spring Data JPA repositories in DEFAULT mode.
4158 [main] INFO  o.s.d.r.c.RepositoryConfigurationDelegate– Finished Spring Data repository scanning in 149 ms. Found 8 JPA repository interfaces.
7150 [main] INFO  o.s.b.w.e.tomcat.TomcatWebServer– Tomcat initialized with port(s): 0 (http)
7165 [main] INFO  o.a.coyote.http11.Http11NioProtocol– Initializing ProtocolHandler ["http-nio-auto-1"]
7166 [main] INFO  o.a.catalina.core.StandardService– Starting service [Tomcat]
7167 [main] INFO  o.a.catalina.core.StandardEngine– Starting Servlet engine: [Apache Tomcat/10.1.5]
7353 [main] INFO  o.a.c.c.C.[Tomcat].[localhost].[/]– Initializing Spring embedded WebApplicationContext
7354 [main] INFO  o.s.b.w.s.c.ServletWebServerApplicationContext– Root WebApplicationContext: initialization completed in 4785 ms
8155 [main] INFO  o.h.jpa.internal.util.LogHelper– HHH000204: Processing PersistenceUnitInfo [name: default]
8344 [main] INFO  org.hibernate.Version– HHH000412: Hibernate ORM core version 6.1.7.Final
8812 [main] INFO  com.zaxxer.hikari.HikariDataSource– HikariPool-1 - Starting...
9124 [main] INFO  com.zaxxer.hikari.pool.HikariPool– HikariPool-1 - Added connection org.postgresql.jdbc.PgConnection@3f267e1b
9128 [main] INFO  com.zaxxer.hikari.HikariDataSource– HikariPool-1 - Start completed.
9174 [main] INFO  SQL dialect– HHH000400: Using dialect: org.hibernate.dialect.PostgreSQLDialect
10958 [main] INFO  o.h.e.t.j.p.i.JtaPlatformInitiator– HHH000490: Using JtaPlatform implementation: [org.hibernate.engine.transaction.jta.platform.internal.NoJtaPlatform]
10973 [main] INFO  o.s.o.j.LocalContainerEntityManagerFactoryBean– Initialized JPA EntityManagerFactory for persistence unit 'default'
12962 [main] WARN  o.s.b.a.o.j.JpaBaseConfiguration$JpaWebConfiguration– spring.jpa.open-in-view is enabled by default. Therefore, database queries may be performed during view rendering. Explicitly configure spring.jpa.open-in-view to disable this warning
13450 [main] INFO  o.s.s.w.DefaultSecurityFilterChain– Will secure any request with [org.springframework.security.web.session.DisableEncodeUrlFilter@4fe0aa21, org.springframework.security.web.context.request.async.WebAsyncManagerIntegrationFilter@7d1f906b, org.springframework.security.web.context.SecurityContextHolderFilter@1c023dcb, org.springframework.security.web.header.HeaderWriterFilter@13c0ced1, org.springframework.security.web.authentication.logout.LogoutFilter@7a213820, com.fox.factory.security.JwtAuthenticationFilter@371a7fd5, org.springframework.security.web.savedrequest.RequestCacheAwareFilter@67aedd28, org.springframework.security.web.servletapi.SecurityContextHolderAwareRequestFilter@6c524a7f, org.springframework.security.web.authentication.AnonymousAuthenticationFilter@22fb3dde, org.springframework.security.web.session.SessionManagementFilter@413773e6, org.springframework.security.web.access.ExceptionTranslationFilter@302fa67a, org.springframework.security.web.access.intercept.AuthorizationFilter@6bbb3ec8]
28188 [main] INFO  o.a.c.c.C.[Tomcat].[localhost].[/]– Initializing Spring TestDispatcherServlet ''
28188 [main] INFO  o.s.t.w.s.TestDispatcherServlet– Initializing Servlet ''
28206 [main] INFO  o.s.b.a.e.web.EndpointLinksResolver– Exposing 1 endpoint(s) beneath base path '/actuator'
28233 [main] INFO  o.s.t.w.s.TestDispatcherServlet– Completed initialization in 44 ms
28424 [main] INFO  o.a.coyote.http11.Http11NioProtocol– Starting ProtocolHandler ["http-nio-auto-1"]
28493 [main] INFO  o.s.b.w.e.tomcat.TomcatWebServer– Tomcat started on port(s): 52110 (http) with context path ''
28519 [main] INFO  c.f.factory.ProductControllerTests– Started ProductControllerTests in 26.536 seconds (process running for 39.96)
28939 [main] ERROR c.fox.factory.utils.LoggingAspect– Error occured while timing and executing method execution(public com.fox.factory.entities.dto.OrderItemInListDto com.fox.factory.service.OrderItemService.create(com.fox.factory.entities.dto.OrderItemInListDto))MSG: java.lang.NullPointerException: Cannot invoke "com.fox.factory.entities.dto.ProductListDto.getPrice()" because the return value of "com.fox.factory.entities.dto.OrderItemInListDto.getProduct()" is null
28943 [main] INFO  c.fox.factory.utils.LoggingAspect– Execution time (milis) 3 method execution(public com.fox.factory.entities.dto.OrderItemInListDto com.fox.factory.service.OrderItemService.create(com.fox.factory.entities.dto.OrderItemInListDto))
28945 [main] INFO  c.fox.factory.utils.LoggingAspect– Execution time (milis) 0 method execution(public com.fox.factory.entities.OrderItem com.fox.factory.service.OrderItemService.getObjectFromDto(com.fox.factory.entities.dto.OrderItemInListDto))
29114 [main] ERROR c.fox.factory.utils.LoggingAspect– Error occured while timing and executing method execution(public com.fox.factory.entities.dto.OrderDto com.fox.factory.service.OrderService.addOrderItem(java.lang.Long,com.fox.factory.entities.OrderItem))MSG: java.lang.NullPointerException: Cannot invoke "java.lang.Double.doubleValue()" because "this.totalPrice" is null
29114 [main] INFO  c.fox.factory.utils.LoggingAspect– Execution time (milis) 168 method execution(public com.fox.factory.entities.dto.OrderDto com.fox.factory.service.OrderService.addOrderItem(java.lang.Long,com.fox.factory.entities.OrderItem))
29404 [main] INFO  c.fox.factory.utils.LoggingAspect– Execution time (milis) 134 method execution(public java.util.List com.fox.factory.service.CatrgoryService.getAll())
29446 [main] INFO  c.fox.factory.utils.LoggingAspect– Execution time (milis) 4 method execution(public void com.fox.factory.service.OrderService.delete(java.lang.Long))
29481 [main] WARN  o.s.w.s.m.s.DefaultHandlerExceptionResolver– Resolved [org.springframework.web.bind.MissingServletRequestParameterException: Required request parameter 'uid' for method parameter type Long is not present]
29627 [http-nio-auto-1-exec-1] INFO  o.a.c.c.C.[Tomcat].[localhost].[/]– Initializing Spring DispatcherServlet 'dispatcherServlet'
29627 [http-nio-auto-1-exec-1] INFO  o.s.web.servlet.DispatcherServlet– Initializing Servlet 'dispatcherServlet'
29629 [http-nio-auto-1-exec-1] INFO  o.s.web.servlet.DispatcherServlet– Completed initialization in 1 ms
29713 [http-nio-auto-1-exec-1] INFO  c.fox.factory.utils.LoggingAspect– Execution time (milis) 28 method execution(public com.fox.factory.entities.dto.CommentsDto com.fox.factory.service.CommentService.create(com.fox.factory.entities.dto.CommentCreateDto))
29748 [http-nio-auto-1-exec-1] INFO  c.fox.factory.utils.LoggingAspect– Execution time (milis) 80 method execution(public com.fox.factory.entities.dto.ProductDetailDto com.fox.factory.service.ProductService.commentProduct(java.lang.Long,com.fox.factory.entities.dto.CommentCreateDto))
29808 [main] WARN  o.s.w.s.m.s.DefaultHandlerExceptionResolver– Resolved [org.springframework.http.converter.HttpMessageNotReadableException: Required request body is missing: public org.springframework.http.ResponseEntity<com.fox.factory.entities.dto.OrderDto> com.fox.factory.controllres.OrderController.create(com.fox.factory.entities.dto.OrderDto)]
30114 [http-nio-auto-1-exec-3] INFO  c.fox.factory.utils.LoggingAspect– Execution time (milis) 148 method execution(public java.util.List com.fox.factory.service.ProductService.findByCategoriesAndNames(java.util.List,java.lang.String,org.springframework.data.domain.Pageable))
30159 [main] WARN  o.s.w.s.m.s.DefaultHandlerExceptionResolver– Resolved [org.springframework.http.converter.HttpMessageNotReadableException: Required request body is missing: public org.springframework.http.ResponseEntity<com.fox.factory.entities.dto.OrderDto> com.fox.factory.controllres.OrderController.changeOrder(java.lang.Long,com.fox.factory.entities.dto.OrderDto) throws com.fox.factory.exceptions.InchangableOrderException]
30208 [main] INFO  c.fox.factory.utils.LoggingAspect– Execution time (milis) 17 method execution(public com.fox.factory.entities.dto.ProductImageDto1 com.fox.factory.service.ProductImageService.getById(java.lang.Long))
30336 [main] INFO  c.fox.factory.utils.LoggingAspect– Execution time (milis) 36 method execution(public com.fox.factory.entities.dto.ProductDetailDto com.fox.factory.service.ProductService.addImageToProduct(java.lang.Long,com.fox.factory.entities.ProductImage))
30337 [main] INFO  c.fox.factory.utils.LoggingAspect– Execution time (milis) 51 method execution(public com.fox.factory.entities.dto.ProductImageDto1 com.fox.factory.service.ProductImageService.createFromObject(java.lang.Long,com.fox.factory.entities.ProductImage))
30356 [main] INFO  c.fox.factory.utils.LoggingAspect– Execution time (milis) 4 method execution(public com.fox.factory.entities.dto.OrderDto com.fox.factory.service.OrderService.getByIdDto(java.lang.Long))
30434 [SpringApplicationShutdownHook] INFO  o.s.o.j.LocalContainerEntityManagerFactoryBean– Closing JPA EntityManagerFactory for persistence unit 'default'
30438 [SpringApplicationShutdownHook] INFO  com.zaxxer.hikari.HikariDataSource– HikariPool-1 - Shutdown initiated...
30445 [SpringApplicationShutdownHook] INFO  com.zaxxer.hikari.HikariDataSource– HikariPool-1 - Shutdown completed.
467  [main] INFO  o.s.t.c.s.AnnotationConfigContextLoaderUtils– Could not detect default configuration classes for test class [com.fox.factory.ProductControllerTests]: ProductControllerTests does not declare any static, non-private, non-final, nested classes annotated with @Configuration.
689  [main] INFO  o.s.b.t.c.SpringBootTestContextBootstrapper– Found @SpringBootConfiguration com.fox.factory.FactoryApplication for test class com.fox.factory.ProductControllerTests
2175 [background-preinit] INFO  o.h.validator.internal.util.Version– HV000001: Hibernate Validator 8.0.0.Final
2282 [main] INFO  c.f.factory.ProductControllerTests– Starting ProductControllerTests using Java 17.0.6 with PID 30764 (started by kave7 in C:\Users\kave7\IdeaProjects\factory)
2283 [main] INFO  c.f.factory.ProductControllerTests– No active profile set, falling back to 1 default profile: "default"
3671 [main] INFO  o.s.d.r.c.RepositoryConfigurationDelegate– Bootstrapping Spring Data JPA repositories in DEFAULT mode.
3851 [main] INFO  o.s.d.r.c.RepositoryConfigurationDelegate– Finished Spring Data repository scanning in 167 ms. Found 8 JPA repository interfaces.
6916 [main] INFO  o.s.b.w.e.tomcat.TomcatWebServer– Tomcat initialized with port(s): 0 (http)
6941 [main] INFO  o.a.coyote.http11.Http11NioProtocol– Initializing ProtocolHandler ["http-nio-auto-1"]
6944 [main] INFO  o.a.catalina.core.StandardService– Starting service [Tomcat]
6945 [main] INFO  o.a.catalina.core.StandardEngine– Starting Servlet engine: [Apache Tomcat/10.1.5]
7240 [main] INFO  o.a.c.c.C.[Tomcat].[localhost].[/]– Initializing Spring embedded WebApplicationContext
7242 [main] INFO  o.s.b.w.s.c.ServletWebServerApplicationContext– Root WebApplicationContext: initialization completed in 4927 ms
8090 [main] INFO  o.h.jpa.internal.util.LogHelper– HHH000204: Processing PersistenceUnitInfo [name: default]
8268 [main] INFO  org.hibernate.Version– HHH000412: Hibernate ORM core version 6.1.7.Final
8703 [main] INFO  com.zaxxer.hikari.HikariDataSource– HikariPool-1 - Starting...
8985 [main] INFO  com.zaxxer.hikari.pool.HikariPool– HikariPool-1 - Added connection org.postgresql.jdbc.PgConnection@3f267e1b
8989 [main] INFO  com.zaxxer.hikari.HikariDataSource– HikariPool-1 - Start completed.
9035 [main] INFO  SQL dialect– HHH000400: Using dialect: org.hibernate.dialect.PostgreSQLDialect
10887 [main] INFO  o.h.e.t.j.p.i.JtaPlatformInitiator– HHH000490: Using JtaPlatform implementation: [org.hibernate.engine.transaction.jta.platform.internal.NoJtaPlatform]
10900 [main] INFO  o.s.o.j.LocalContainerEntityManagerFactoryBean– Initialized JPA EntityManagerFactory for persistence unit 'default'
13176 [main] WARN  o.s.b.a.o.j.JpaBaseConfiguration$JpaWebConfiguration– spring.jpa.open-in-view is enabled by default. Therefore, database queries may be performed during view rendering. Explicitly configure spring.jpa.open-in-view to disable this warning
13743 [main] INFO  o.s.s.w.DefaultSecurityFilterChain– Will secure any request with [org.springframework.security.web.session.DisableEncodeUrlFilter@260d878a, org.springframework.security.web.context.request.async.WebAsyncManagerIntegrationFilter@13190355, org.springframework.security.web.context.SecurityContextHolderFilter@6eec092, org.springframework.security.web.header.HeaderWriterFilter@64b7719f, org.springframework.security.web.authentication.logout.LogoutFilter@1e7245da, com.fox.factory.security.JwtAuthenticationFilter@371a7fd5, org.springframework.security.web.savedrequest.RequestCacheAwareFilter@5ce50c82, org.springframework.security.web.servletapi.SecurityContextHolderAwareRequestFilter@75f2a654, org.springframework.security.web.authentication.AnonymousAuthenticationFilter@1f664881, org.springframework.security.web.session.SessionManagementFilter@17fd9fbb, org.springframework.security.web.access.ExceptionTranslationFilter@6f9c272b, org.springframework.security.web.access.intercept.AuthorizationFilter@77e8492f]
28393 [main] INFO  o.a.c.c.C.[Tomcat].[localhost].[/]– Initializing Spring TestDispatcherServlet ''
28394 [main] INFO  o.s.t.w.s.TestDispatcherServlet– Initializing Servlet ''
28408 [main] INFO  o.s.b.a.e.web.EndpointLinksResolver– Exposing 1 endpoint(s) beneath base path '/actuator'
28435 [main] INFO  o.s.t.w.s.TestDispatcherServlet– Completed initialization in 40 ms
28645 [main] INFO  o.a.coyote.http11.Http11NioProtocol– Starting ProtocolHandler ["http-nio-auto-1"]
28720 [main] INFO  o.s.b.w.e.tomcat.TomcatWebServer– Tomcat started on port(s): 53553 (http) with context path ''
28749 [main] INFO  c.f.factory.ProductControllerTests– Started ProductControllerTests in 26.946 seconds (process running for 39.429)
29181 [main] ERROR c.fox.factory.utils.LoggingAspect– Error occured while timing and executing method execution(public com.fox.factory.entities.dto.OrderItemInListDto com.fox.factory.service.OrderItemService.create(com.fox.factory.entities.dto.OrderItemInListDto))MSG: java.lang.NullPointerException: Cannot invoke "com.fox.factory.entities.dto.ProductListDto.getPrice()" because the return value of "com.fox.factory.entities.dto.OrderItemInListDto.getProduct()" is null
29184 [main] INFO  c.fox.factory.utils.LoggingAspect– Execution time (milis) 3 method execution(public com.fox.factory.entities.dto.OrderItemInListDto com.fox.factory.service.OrderItemService.create(com.fox.factory.entities.dto.OrderItemInListDto))
29186 [main] INFO  c.fox.factory.utils.LoggingAspect– Execution time (milis) 0 method execution(public com.fox.factory.entities.OrderItem com.fox.factory.service.OrderItemService.getObjectFromDto(com.fox.factory.entities.dto.OrderItemInListDto))
29356 [main] ERROR c.fox.factory.utils.LoggingAspect– Error occured while timing and executing method execution(public com.fox.factory.entities.dto.OrderDto com.fox.factory.service.OrderService.addOrderItem(java.lang.Long,com.fox.factory.entities.OrderItem))MSG: java.lang.NullPointerException: Cannot invoke "java.lang.Double.doubleValue()" because "this.totalPrice" is null
29357 [main] INFO  c.fox.factory.utils.LoggingAspect– Execution time (milis) 170 method execution(public com.fox.factory.entities.dto.OrderDto com.fox.factory.service.OrderService.addOrderItem(java.lang.Long,com.fox.factory.entities.OrderItem))
29631 [main] INFO  c.fox.factory.utils.LoggingAspect– Execution time (milis) 121 method execution(public java.util.List com.fox.factory.service.CatrgoryService.getAll())
29664 [main] INFO  c.fox.factory.utils.LoggingAspect– Execution time (milis) 4 method execution(public void com.fox.factory.service.OrderService.delete(java.lang.Long))
29682 [main] WARN  o.s.w.s.m.s.DefaultHandlerExceptionResolver– Resolved [org.springframework.web.bind.MissingServletRequestParameterException: Required request parameter 'uid' for method parameter type Long is not present]
29823 [http-nio-auto-1-exec-1] INFO  o.a.c.c.C.[Tomcat].[localhost].[/]– Initializing Spring DispatcherServlet 'dispatcherServlet'
29824 [http-nio-auto-1-exec-1] INFO  o.s.web.servlet.DispatcherServlet– Initializing Servlet 'dispatcherServlet'
29825 [http-nio-auto-1-exec-1] INFO  o.s.web.servlet.DispatcherServlet– Completed initialization in 1 ms
29910 [http-nio-auto-1-exec-1] INFO  c.fox.factory.utils.LoggingAspect– Execution time (milis) 30 method execution(public com.fox.factory.entities.dto.CommentsDto com.fox.factory.service.CommentService.create(com.fox.factory.entities.dto.CommentCreateDto))
29944 [http-nio-auto-1-exec-1] INFO  c.fox.factory.utils.LoggingAspect– Execution time (milis) 83 method execution(public com.fox.factory.entities.dto.ProductDetailDto com.fox.factory.service.ProductService.commentProduct(java.lang.Long,com.fox.factory.entities.dto.CommentCreateDto))
29999 [main] WARN  o.s.w.s.m.s.DefaultHandlerExceptionResolver– Resolved [org.springframework.http.converter.HttpMessageNotReadableException: Required request body is missing: public org.springframework.http.ResponseEntity<com.fox.factory.entities.dto.OrderDto> com.fox.factory.controllres.OrderController.create(com.fox.factory.entities.dto.OrderDto)]
30265 [http-nio-auto-1-exec-3] INFO  c.fox.factory.utils.LoggingAspect– Execution time (milis) 154 method execution(public java.util.List com.fox.factory.service.ProductService.findByCategoriesAndNames(java.util.List,java.lang.String,org.springframework.data.domain.Pageable))
30310 [main] WARN  o.s.w.s.m.s.DefaultHandlerExceptionResolver– Resolved [org.springframework.http.converter.HttpMessageNotReadableException: Required request body is missing: public org.springframework.http.ResponseEntity<com.fox.factory.entities.dto.OrderDto> com.fox.factory.controllres.OrderController.changeOrder(java.lang.Long,com.fox.factory.entities.dto.OrderDto) throws com.fox.factory.exceptions.InchangableOrderException]
30366 [main] INFO  c.fox.factory.utils.LoggingAspect– Execution time (milis) 20 method execution(public com.fox.factory.entities.dto.ProductImageDto1 com.fox.factory.service.ProductImageService.getById(java.lang.Long))
30502 [main] INFO  c.fox.factory.utils.LoggingAspect– Execution time (milis) 50 method execution(public com.fox.factory.entities.dto.ProductDetailDto com.fox.factory.service.ProductService.addImageToProduct(java.lang.Long,com.fox.factory.entities.ProductImage))
30503 [main] INFO  c.fox.factory.utils.LoggingAspect– Execution time (milis) 68 method execution(public com.fox.factory.entities.dto.ProductImageDto1 com.fox.factory.service.ProductImageService.createFromObject(java.lang.Long,com.fox.factory.entities.ProductImage))
30540 [main] INFO  c.fox.factory.utils.LoggingAspect– Execution time (milis) 20 method execution(public com.fox.factory.entities.dto.OrderDto com.fox.factory.service.OrderService.getByIdDto(java.lang.Long))
30648 [SpringApplicationShutdownHook] INFO  o.s.o.j.LocalContainerEntityManagerFactoryBean– Closing JPA EntityManagerFactory for persistence unit 'default'
30652 [SpringApplicationShutdownHook] INFO  com.zaxxer.hikari.HikariDataSource– HikariPool-1 - Shutdown initiated...
30657 [SpringApplicationShutdownHook] INFO  com.zaxxer.hikari.HikariDataSource– HikariPool-1 - Shutdown completed.
