00:05:38.279 [SpringApplicationShutdownHook] INFO  o.s.o.j.LocalContainerEntityManagerFactoryBean– Closing JPA EntityManagerFactory for persistence unit 'default'
00:05:38.310 [SpringApplicationShutdownHook] INFO  com.zaxxer.hikari.HikariDataSource– HikariPool-1 - Shutdown initiated...
00:05:38.349 [SpringApplicationShutdownHook] INFO  com.zaxxer.hikari.HikariDataSource– HikariPool-1 - Shutdown completed.
00:05:44.955 [background-preinit] INFO  o.h.validator.internal.util.Version– HV000001: Hibernate Validator 8.0.0.Final
00:05:45.119 [restartedMain] INFO  com.fox.factory.FactoryApplication– Starting FactoryApplication using Java 17.0.6 with PID 22920 (C:\Users\kave7\IdeaProjects\factory\target\classes started by kave7 in C:\Users\kave7\IdeaProjects\factory)
00:05:45.127 [restartedMain] INFO  com.fox.factory.FactoryApplication– No active profile set, falling back to 1 default profile: "default"
00:05:45.269 [restartedMain] INFO  o.s.b.d.e.DevToolsPropertyDefaultsPostProcessor– Devtools property defaults active! Set 'spring.devtools.add-properties' to 'false' to disable
00:05:45.270 [restartedMain] INFO  o.s.b.d.e.DevToolsPropertyDefaultsPostProcessor– For additional web related logging consider setting the 'logging.level.web' property to 'DEBUG'
00:05:47.293 [restartedMain] INFO  o.s.d.r.c.RepositoryConfigurationDelegate– Bootstrapping Spring Data JPA repositories in DEFAULT mode.
00:05:47.540 [restartedMain] INFO  o.s.d.r.c.RepositoryConfigurationDelegate– Finished Spring Data repository scanning in 224 ms. Found 8 JPA repository interfaces.
00:05:50.635 [restartedMain] INFO  o.s.b.w.e.tomcat.TomcatWebServer– Tomcat initialized with port(s): 8000 (http)
00:05:50.663 [restartedMain] INFO  o.a.coyote.http11.Http11NioProtocol– Initializing ProtocolHandler ["http-nio-8000"]
00:05:50.665 [restartedMain] INFO  o.a.catalina.core.StandardService– Starting service [Tomcat]
00:05:50.665 [restartedMain] INFO  o.a.catalina.core.StandardEngine– Starting Servlet engine: [Apache Tomcat/10.1.5]
00:05:50.831 [restartedMain] INFO  o.a.c.c.C.[Tomcat].[localhost].[/]– Initializing Spring embedded WebApplicationContext
00:05:50.831 [restartedMain] INFO  o.s.b.w.s.c.ServletWebServerApplicationContext– Root WebApplicationContext: initialization completed in 5560 ms
00:05:51.757 [restartedMain] INFO  o.h.jpa.internal.util.LogHelper– HHH000204: Processing PersistenceUnitInfo [name: default]
00:05:51.861 [restartedMain] INFO  org.hibernate.Version– HHH000412: Hibernate ORM core version 6.1.7.Final
00:05:52.622 [restartedMain] INFO  com.zaxxer.hikari.HikariDataSource– HikariPool-1 - Starting...
00:05:53.229 [restartedMain] INFO  com.zaxxer.hikari.pool.HikariPool– HikariPool-1 - Added connection org.postgresql.jdbc.PgConnection@1e0c4e4e
00:05:53.235 [restartedMain] INFO  com.zaxxer.hikari.HikariDataSource– HikariPool-1 - Start completed.
00:05:53.311 [restartedMain] INFO  SQL dialect– HHH000400: Using dialect: org.hibernate.dialect.PostgreSQLDialect
00:05:56.586 [restartedMain] INFO  o.h.e.t.j.p.i.JtaPlatformInitiator– HHH000490: Using JtaPlatform implementation: [org.hibernate.engine.transaction.jta.platform.internal.NoJtaPlatform]
00:05:56.609 [restartedMain] INFO  o.s.o.j.LocalContainerEntityManagerFactoryBean– Initialized JPA EntityManagerFactory for persistence unit 'default'
00:05:59.533 [restartedMain] WARN  o.s.b.a.o.j.JpaBaseConfiguration$JpaWebConfiguration– spring.jpa.open-in-view is enabled by default. Therefore, database queries may be performed during view rendering. Explicitly configure spring.jpa.open-in-view to disable this warning
00:06:00.237 [restartedMain] INFO  o.s.s.w.DefaultSecurityFilterChain– Will secure any request with [org.springframework.security.web.session.DisableEncodeUrlFilter@2fd824ab, org.springframework.security.web.context.request.async.WebAsyncManagerIntegrationFilter@140a03c7, org.springframework.security.web.context.SecurityContextHolderFilter@3616981c, org.springframework.security.web.header.HeaderWriterFilter@6add5960, org.springframework.security.web.authentication.logout.LogoutFilter@38b832fc, com.fox.factory.security.JwtAuthenticationFilter@16eacaf3, org.springframework.security.web.savedrequest.RequestCacheAwareFilter@38ef08c0, org.springframework.security.web.servletapi.SecurityContextHolderAwareRequestFilter@53fb79b1, org.springframework.security.web.authentication.AnonymousAuthenticationFilter@46f5a02b, org.springframework.security.web.session.SessionManagementFilter@64ae5420, org.springframework.security.web.access.ExceptionTranslationFilter@619f9ef8, org.springframework.security.web.access.intercept.AuthorizationFilter@22b32b5c]
00:06:04.112 [restartedMain] INFO  o.s.b.d.a.OptionalLiveReloadServer– LiveReload server is running on port 35729
00:06:04.135 [restartedMain] INFO  o.s.b.a.e.web.EndpointLinksResolver– Exposing 1 endpoint(s) beneath base path '/actuator'
00:06:04.394 [restartedMain] INFO  o.a.coyote.http11.Http11NioProtocol– Starting ProtocolHandler ["http-nio-8000"]
00:06:04.446 [restartedMain] INFO  o.s.b.w.e.tomcat.TomcatWebServer– Tomcat started on port(s): 8000 (http) with context path ''
00:06:04.494 [restartedMain] INFO  com.fox.factory.FactoryApplication– Started FactoryApplication in 20.322 seconds (process running for 22.445)
00:06:04.877 [RMI TCP Connection(7)-172.31.112.1] INFO  o.a.c.c.C.[Tomcat].[localhost].[/]– Initializing Spring DispatcherServlet 'dispatcherServlet'
00:06:04.878 [RMI TCP Connection(7)-172.31.112.1] INFO  o.s.web.servlet.DispatcherServlet– Initializing Servlet 'dispatcherServlet'
00:06:04.883 [RMI TCP Connection(7)-172.31.112.1] INFO  o.s.web.servlet.DispatcherServlet– Completed initialization in 5 ms
00:06:16.455 [http-nio-8000-exec-1] INFO  c.fox.factory.utils.LoggingAspect– Execution time (milis) 363 method execution(public java.util.Optional com.fox.factory.service.UserService.findByUsername(java.lang.String))
00:06:16.812 [http-nio-8000-exec-1] INFO  c.fox.factory.utils.LoggingAspect– Execution time (milis) 9 method execution(public com.fox.factory.entities.User com.fox.factory.service.UserService.getByUsername(java.lang.String))
00:06:16.857 [http-nio-8000-exec-1] INFO  c.fox.factory.utils.LoggingAspect– Execution time (milis) 44 method execution(public java.lang.String com.fox.factory.service.JwtService.generateToken(com.fox.factory.entities.User))
00:06:16.858 [http-nio-8000-exec-1] INFO  c.fox.factory.utils.LoggingAspect– Execution time (milis) 1009 method execution(public com.fox.factory.entities.dto.security.Token com.fox.factory.service.AuthenticationService.authenticate(com.fox.factory.entities.dto.security.AuthenticationRequestDto))
00:06:17.020 [http-nio-8000-exec-2] INFO  c.fox.factory.utils.LoggingAspect– Execution time (milis) 96 method execution(public com.fox.factory.entities.dto.UserDetailDto com.fox.factory.service.UserService.getDtoByUsername(java.lang.String))
00:06:35.772 [http-nio-8000-exec-3] INFO  c.fox.factory.utils.LoggingAspect– Execution time (milis) 27 method execution(public com.fox.factory.entities.dto.UserDetailDto com.fox.factory.service.UserService.getDtoByUsername(java.lang.String))
00:06:35.829 [http-nio-8000-exec-4] INFO  c.fox.factory.utils.LoggingAspect– Execution time (milis) 32 method execution(public com.fox.factory.entities.dto.UserDetailDto com.fox.factory.service.UserService.getDtoByUsername(java.lang.String))
00:06:35.886 [http-nio-8000-exec-5] INFO  c.fox.factory.utils.LoggingAspect– Execution time (milis) 26 method execution(public com.fox.factory.entities.dto.UserDetailDto com.fox.factory.service.UserService.getDtoByUsername(java.lang.String))
00:06:39.862 [http-nio-8000-exec-6] INFO  c.fox.factory.utils.LoggingAspect– Execution time (milis) 6 method execution(public java.util.List com.fox.factory.service.CatrgoryService.getAll())
00:06:40.131 [http-nio-8000-exec-7] INFO  c.fox.factory.utils.LoggingAspect– Execution time (milis) 224 method execution(public java.util.List com.fox.factory.service.ProductService.getAll())
00:07:52.175 [http-nio-8000-exec-1] INFO  c.fox.factory.utils.LoggingAspect– Execution time (milis) 9 method execution(public java.util.Optional com.fox.factory.service.UserService.findByUsername(java.lang.String))
00:07:52.520 [http-nio-8000-exec-1] INFO  c.fox.factory.utils.LoggingAspect– Execution time (milis) 10 method execution(public com.fox.factory.entities.User com.fox.factory.service.UserService.getByUsername(java.lang.String))
00:07:52.532 [http-nio-8000-exec-1] INFO  c.fox.factory.utils.LoggingAspect– Execution time (milis) 5 method execution(public java.lang.String com.fox.factory.service.JwtService.generateToken(com.fox.factory.entities.User))
00:07:52.533 [http-nio-8000-exec-1] INFO  c.fox.factory.utils.LoggingAspect– Execution time (milis) 368 method execution(public com.fox.factory.entities.dto.security.Token com.fox.factory.service.AuthenticationService.authenticate(com.fox.factory.entities.dto.security.AuthenticationRequestDto))
00:07:52.610 [http-nio-8000-exec-2] INFO  c.fox.factory.utils.LoggingAspect– Execution time (milis) 32 method execution(public com.fox.factory.entities.dto.UserDetailDto com.fox.factory.service.UserService.getDtoByUsername(java.lang.String))
00:07:58.106 [http-nio-8000-exec-3] INFO  c.fox.factory.utils.LoggingAspect– Execution time (milis) 5 method execution(public java.util.List com.fox.factory.service.CatrgoryService.getAll())
00:07:58.296 [http-nio-8000-exec-4] INFO  c.fox.factory.utils.LoggingAspect– Execution time (milis) 160 method execution(public java.util.List com.fox.factory.service.ProductService.getAll())
00:08:34.847 [http-nio-8000-exec-5] INFO  c.fox.factory.utils.LoggingAspect– Execution time (milis) 58 method execution(public java.lang.String com.fox.factory.service.JwtService.extractUsername(java.lang.String))
00:08:34.853 [http-nio-8000-exec-5] INFO  c.fox.factory.utils.LoggingAspect– Execution time (milis) 4 method execution(public boolean com.fox.factory.service.JwtService.isNotExpired(java.lang.String))
00:08:34.862 [http-nio-8000-exec-5] INFO  c.fox.factory.utils.LoggingAspect– Execution time (milis) 8 method execution(public java.util.Optional com.fox.factory.service.UserService.findByUsername(java.lang.String))
00:08:34.963 [http-nio-8000-exec-5] WARN  o.s.w.s.m.s.DefaultHandlerExceptionResolver– Resolved [org.springframework.web.HttpMediaTypeNotSupportedException: Content-Type 'multipart/form-data;boundary=----WebKitFormBoundaryHEVBgO9OGAjirLmd;charset=UTF-8' is not supported]
00:26:10.566 [http-nio-8000-exec-8] ERROR c.fox.factory.utils.LoggingAspect– Error occured while timing and executing method execution(public java.lang.String com.fox.factory.service.JwtService.extractUsername(java.lang.String))MSG: io.jsonwebtoken.ExpiredJwtException: JWT expired at 2023-03-27T15:48:56Z. Current time: 2023-04-01T21:26:10Z, a difference of 452234564 milliseconds.  Allowed clock skew: 0 milliseconds.
00:26:10.566 [http-nio-8000-exec-8] INFO  c.fox.factory.utils.LoggingAspect– Execution time (milis) 6 method execution(public java.lang.String com.fox.factory.service.JwtService.extractUsername(java.lang.String))
00:42:10.723 [HikariPool-1 housekeeper] WARN  com.zaxxer.hikari.pool.HikariPool– HikariPool-1 - Thread starvation or clock leap detected (housekeeper delta=46s809ms828µs).
10:41:02.675 [HikariPool-1 housekeeper] WARN  com.zaxxer.hikari.pool.HikariPool– HikariPool-1 - Thread starvation or clock leap detected (housekeeper delta=9h58m57s867ms93µs399ns).
10:45:21.900 [SpringApplicationShutdownHook] INFO  o.s.o.j.LocalContainerEntityManagerFactoryBean– Closing JPA EntityManagerFactory for persistence unit 'default'
10:45:21.904 [SpringApplicationShutdownHook] INFO  com.zaxxer.hikari.HikariDataSource– HikariPool-1 - Shutdown initiated...
10:45:21.910 [SpringApplicationShutdownHook] INFO  com.zaxxer.hikari.HikariDataSource– HikariPool-1 - Shutdown completed.
10:45:25.623 [background-preinit] INFO  o.h.validator.internal.util.Version– HV000001: Hibernate Validator 8.0.0.Final
10:45:25.670 [restartedMain] INFO  com.fox.factory.FactoryApplication– Starting FactoryApplication using Java 17.0.6 with PID 23572 (C:\Users\kave7\IdeaProjects\factory\target\classes started by kave7 in C:\Users\kave7\IdeaProjects\factory)
10:45:25.671 [restartedMain] INFO  com.fox.factory.FactoryApplication– No active profile set, falling back to 1 default profile: "default"
10:45:25.723 [restartedMain] INFO  o.s.b.d.e.DevToolsPropertyDefaultsPostProcessor– Devtools property defaults active! Set 'spring.devtools.add-properties' to 'false' to disable
10:45:25.724 [restartedMain] INFO  o.s.b.d.e.DevToolsPropertyDefaultsPostProcessor– For additional web related logging consider setting the 'logging.level.web' property to 'DEBUG'
10:45:26.554 [restartedMain] INFO  o.s.d.r.c.RepositoryConfigurationDelegate– Bootstrapping Spring Data JPA repositories in DEFAULT mode.
10:45:26.654 [restartedMain] INFO  o.s.d.r.c.RepositoryConfigurationDelegate– Finished Spring Data repository scanning in 88 ms. Found 8 JPA repository interfaces.
10:45:27.857 [restartedMain] INFO  o.s.b.w.e.tomcat.TomcatWebServer– Tomcat initialized with port(s): 8000 (http)
10:45:27.866 [restartedMain] INFO  o.a.coyote.http11.Http11NioProtocol– Initializing ProtocolHandler ["http-nio-8000"]
10:45:27.867 [restartedMain] INFO  o.a.catalina.core.StandardService– Starting service [Tomcat]
10:45:27.867 [restartedMain] INFO  o.a.catalina.core.StandardEngine– Starting Servlet engine: [Apache Tomcat/10.1.5]
10:45:27.927 [restartedMain] INFO  o.a.c.c.C.[Tomcat].[localhost].[/]– Initializing Spring embedded WebApplicationContext
10:45:27.927 [restartedMain] INFO  o.s.b.w.s.c.ServletWebServerApplicationContext– Root WebApplicationContext: initialization completed in 2203 ms
10:45:28.251 [restartedMain] INFO  o.h.jpa.internal.util.LogHelper– HHH000204: Processing PersistenceUnitInfo [name: default]
10:45:28.313 [restartedMain] INFO  org.hibernate.Version– HHH000412: Hibernate ORM core version 6.1.7.Final
10:45:28.610 [restartedMain] INFO  com.zaxxer.hikari.HikariDataSource– HikariPool-1 - Starting...
10:45:28.769 [restartedMain] INFO  com.zaxxer.hikari.pool.HikariPool– HikariPool-1 - Added connection org.postgresql.jdbc.PgConnection@f61ee75
10:45:28.771 [restartedMain] INFO  com.zaxxer.hikari.HikariDataSource– HikariPool-1 - Start completed.
10:45:28.807 [restartedMain] INFO  SQL dialect– HHH000400: Using dialect: org.hibernate.dialect.PostgreSQLDialect
10:45:30.104 [restartedMain] INFO  o.h.e.t.j.p.i.JtaPlatformInitiator– HHH000490: Using JtaPlatform implementation: [org.hibernate.engine.transaction.jta.platform.internal.NoJtaPlatform]
10:45:30.115 [restartedMain] INFO  o.s.o.j.LocalContainerEntityManagerFactoryBean– Initialized JPA EntityManagerFactory for persistence unit 'default'
10:45:31.120 [restartedMain] WARN  o.s.b.a.o.j.JpaBaseConfiguration$JpaWebConfiguration– spring.jpa.open-in-view is enabled by default. Therefore, database queries may be performed during view rendering. Explicitly configure spring.jpa.open-in-view to disable this warning
10:45:31.367 [restartedMain] INFO  o.s.s.w.DefaultSecurityFilterChain– Will secure any request with [org.springframework.security.web.session.DisableEncodeUrlFilter@7a0a3068, org.springframework.security.web.context.request.async.WebAsyncManagerIntegrationFilter@68724c9, org.springframework.security.web.context.SecurityContextHolderFilter@4e55a77f, org.springframework.security.web.header.HeaderWriterFilter@b3a3fcb, org.springframework.security.web.authentication.logout.LogoutFilter@6f980372, com.fox.factory.security.JwtAuthenticationFilter@6e7147c1, org.springframework.security.web.savedrequest.RequestCacheAwareFilter@506a3e3d, org.springframework.security.web.servletapi.SecurityContextHolderAwareRequestFilter@5370ba81, org.springframework.security.web.authentication.AnonymousAuthenticationFilter@49349211, org.springframework.security.web.session.SessionManagementFilter@f4d131d, org.springframework.security.web.access.ExceptionTranslationFilter@45461255, org.springframework.security.web.access.intercept.AuthorizationFilter@7121ba0a]
10:45:32.821 [restartedMain] INFO  o.s.b.d.a.OptionalLiveReloadServer– LiveReload server is running on port 35729
10:45:32.830 [restartedMain] INFO  o.s.b.a.e.web.EndpointLinksResolver– Exposing 1 endpoint(s) beneath base path '/actuator'
10:45:32.923 [restartedMain] INFO  o.a.coyote.http11.Http11NioProtocol– Starting ProtocolHandler ["http-nio-8000"]
10:45:32.944 [restartedMain] INFO  o.s.b.w.e.tomcat.TomcatWebServer– Tomcat started on port(s): 8000 (http) with context path ''
10:45:32.963 [restartedMain] INFO  com.fox.factory.FactoryApplication– Started FactoryApplication in 7.691 seconds (process running for 8.621)
10:45:33.245 [RMI TCP Connection(3)-172.31.112.1] INFO  o.a.c.c.C.[Tomcat].[localhost].[/]– Initializing Spring DispatcherServlet 'dispatcherServlet'
10:45:33.246 [RMI TCP Connection(3)-172.31.112.1] INFO  o.s.web.servlet.DispatcherServlet– Initializing Servlet 'dispatcherServlet'
10:45:33.249 [RMI TCP Connection(3)-172.31.112.1] INFO  o.s.web.servlet.DispatcherServlet– Completed initialization in 2 ms
10:51:57.305 [http-nio-8000-exec-2] INFO  c.fox.factory.utils.LoggingAspect– Execution time (milis) 153 method execution(public java.util.Optional com.fox.factory.service.UserService.findByUsername(java.lang.String))
10:51:57.378 [http-nio-8000-exec-2] INFO  c.fox.factory.utils.LoggingAspect– Execution time (milis) 4 method execution(public com.fox.factory.entities.User com.fox.factory.service.UserService.getByUsername(java.lang.String))
10:51:57.400 [http-nio-8000-exec-2] INFO  c.fox.factory.utils.LoggingAspect– Execution time (milis) 21 method execution(public java.lang.String com.fox.factory.service.JwtService.generateToken(com.fox.factory.entities.User))
10:51:57.400 [http-nio-8000-exec-2] INFO  c.fox.factory.utils.LoggingAspect– Execution time (milis) 325 method execution(public com.fox.factory.entities.dto.security.Token com.fox.factory.service.AuthenticationService.authenticate(com.fox.factory.entities.dto.security.AuthenticationRequestDto))
10:51:57.468 [http-nio-8000-exec-4] INFO  c.fox.factory.utils.LoggingAspect– Execution time (milis) 39 method execution(public com.fox.factory.entities.dto.UserDetailDto com.fox.factory.service.UserService.getDtoByUsername(java.lang.String))
10:51:59.235 [http-nio-8000-exec-3] INFO  c.fox.factory.utils.LoggingAspect– Execution time (milis) 3 method execution(public java.util.List com.fox.factory.service.CatrgoryService.getAll())
10:51:59.314 [http-nio-8000-exec-5] INFO  c.fox.factory.utils.LoggingAspect– Execution time (milis) 68 method execution(public java.util.List com.fox.factory.service.ProductService.getAll())
10:54:59.774 [http-nio-8000-exec-8] INFO  c.fox.factory.utils.LoggingAspect– Execution time (milis) 2 method execution(public java.util.List com.fox.factory.service.CatrgoryService.getAll())
10:54:59.828 [http-nio-8000-exec-9] INFO  c.fox.factory.utils.LoggingAspect– Execution time (milis) 44 method execution(public java.util.List com.fox.factory.service.ProductService.getAll())
10:55:02.619 [http-nio-8000-exec-10] INFO  c.fox.factory.utils.LoggingAspect– Execution time (milis) 2 method execution(public java.util.List com.fox.factory.service.CatrgoryService.getAll())
10:55:02.667 [http-nio-8000-exec-1] INFO  c.fox.factory.utils.LoggingAspect– Execution time (milis) 40 method execution(public java.util.List com.fox.factory.service.ProductService.getAll())
10:58:09.086 [http-nio-8000-exec-3] INFO  c.fox.factory.utils.LoggingAspect– Execution time (milis) 13 method execution(public com.fox.factory.entities.dto.UserDetailDto com.fox.factory.service.UserService.getDtoByUsername(java.lang.String))
10:58:09.107 [http-nio-8000-exec-5] INFO  c.fox.factory.utils.LoggingAspect– Execution time (milis) 13 method execution(public com.fox.factory.entities.dto.UserDetailDto com.fox.factory.service.UserService.getDtoByUsername(java.lang.String))
10:58:09.124 [http-nio-8000-exec-7] INFO  c.fox.factory.utils.LoggingAspect– Execution time (milis) 11 method execution(public com.fox.factory.entities.dto.UserDetailDto com.fox.factory.service.UserService.getDtoByUsername(java.lang.String))
10:58:12.687 [http-nio-8000-exec-6] INFO  c.fox.factory.utils.LoggingAspect– Execution time (milis) 4 method execution(public java.util.Optional com.fox.factory.service.UserService.findByUsername(java.lang.String))
10:58:12.756 [http-nio-8000-exec-6] INFO  c.fox.factory.utils.LoggingAspect– Execution time (milis) 3 method execution(public com.fox.factory.entities.User com.fox.factory.service.UserService.getByUsername(java.lang.String))
10:58:12.758 [http-nio-8000-exec-6] INFO  c.fox.factory.utils.LoggingAspect– Execution time (milis) 1 method execution(public java.lang.String com.fox.factory.service.JwtService.generateToken(com.fox.factory.entities.User))
10:58:12.758 [http-nio-8000-exec-6] INFO  c.fox.factory.utils.LoggingAspect– Execution time (milis) 76 method execution(public com.fox.factory.entities.dto.security.Token com.fox.factory.service.AuthenticationService.authenticate(com.fox.factory.entities.dto.security.AuthenticationRequestDto))
10:58:12.779 [http-nio-8000-exec-8] INFO  c.fox.factory.utils.LoggingAspect– Execution time (milis) 10 method execution(public com.fox.factory.entities.dto.UserDetailDto com.fox.factory.service.UserService.getDtoByUsername(java.lang.String))
10:58:14.772 [http-nio-8000-exec-9] INFO  c.fox.factory.utils.LoggingAspect– Execution time (milis) 3 method execution(public java.util.List com.fox.factory.service.CatrgoryService.getAll())
10:58:14.817 [http-nio-8000-exec-10] INFO  c.fox.factory.utils.LoggingAspect– Execution time (milis) 37 method execution(public java.util.List com.fox.factory.service.ProductService.getAll())
10:58:42.006 [http-nio-8000-exec-4] INFO  c.fox.factory.utils.LoggingAspect– Execution time (milis) 35 method execution(public java.lang.String com.fox.factory.service.JwtService.extractUsername(java.lang.String))
10:58:42.009 [http-nio-8000-exec-4] INFO  c.fox.factory.utils.LoggingAspect– Execution time (milis) 3 method execution(public boolean com.fox.factory.service.JwtService.isNotExpired(java.lang.String))
10:58:42.015 [http-nio-8000-exec-4] INFO  c.fox.factory.utils.LoggingAspect– Execution time (milis) 5 method execution(public java.util.Optional com.fox.factory.service.UserService.findByUsername(java.lang.String))
10:58:42.064 [http-nio-8000-exec-4] INFO  c.fox.factory.utils.LoggingAspect– Execution time (milis) 22 method execution(public com.fox.factory.entities.dto.ProductDetailDto com.fox.factory.service.ProductService.create(com.fox.factory.entities.dto.ProductDetailDto))
10:58:42.091 [http-nio-8000-exec-3] INFO  c.fox.factory.utils.LoggingAspect– Execution time (milis) 2 method execution(public java.lang.String com.fox.factory.service.JwtService.extractUsername(java.lang.String))
10:58:42.093 [http-nio-8000-exec-3] INFO  c.fox.factory.utils.LoggingAspect– Execution time (milis) 2 method execution(public boolean com.fox.factory.service.JwtService.isNotExpired(java.lang.String))
10:58:42.098 [http-nio-8000-exec-3] INFO  c.fox.factory.utils.LoggingAspect– Execution time (milis) 5 method execution(public java.util.Optional com.fox.factory.service.UserService.findByUsername(java.lang.String))
10:58:42.125 [http-nio-8000-exec-3] WARN  o.s.w.s.m.s.DefaultHandlerExceptionResolver– Resolved [org.springframework.web.method.annotation.MethodArgumentTypeMismatchException: Failed to convert value of type 'java.lang.String' to required type 'java.lang.Long'; For input string: "undefined"]
11:00:00.485 [http-nio-8000-exec-6] INFO  c.fox.factory.utils.LoggingAspect– Execution time (milis) 2 method execution(public java.util.List com.fox.factory.service.CatrgoryService.getAll())
11:00:00.534 [http-nio-8000-exec-8] INFO  c.fox.factory.utils.LoggingAspect– Execution time (milis) 40 method execution(public java.util.List com.fox.factory.service.ProductService.getAll())
11:01:07.071 [http-nio-8000-exec-1] INFO  c.fox.factory.utils.LoggingAspect– Execution time (milis) 1 method execution(public java.lang.String com.fox.factory.service.JwtService.extractUsername(java.lang.String))
11:01:07.073 [http-nio-8000-exec-1] INFO  c.fox.factory.utils.LoggingAspect– Execution time (milis) 1 method execution(public boolean com.fox.factory.service.JwtService.isNotExpired(java.lang.String))
11:01:07.077 [http-nio-8000-exec-1] INFO  c.fox.factory.utils.LoggingAspect– Execution time (milis) 3 method execution(public java.util.Optional com.fox.factory.service.UserService.findByUsername(java.lang.String))
11:01:07.083 [http-nio-8000-exec-1] INFO  c.fox.factory.utils.LoggingAspect– Execution time (milis) 3 method execution(public com.fox.factory.entities.dto.ProductDetailDto com.fox.factory.service.ProductService.create(com.fox.factory.entities.dto.ProductDetailDto))
11:01:07.115 [http-nio-8000-exec-2] INFO  c.fox.factory.utils.LoggingAspect– Execution time (milis) 2 method execution(public java.lang.String com.fox.factory.service.JwtService.extractUsername(java.lang.String))
11:01:07.117 [http-nio-8000-exec-2] INFO  c.fox.factory.utils.LoggingAspect– Execution time (milis) 2 method execution(public boolean com.fox.factory.service.JwtService.isNotExpired(java.lang.String))
11:01:07.121 [http-nio-8000-exec-2] INFO  c.fox.factory.utils.LoggingAspect– Execution time (milis) 3 method execution(public java.util.Optional com.fox.factory.service.UserService.findByUsername(java.lang.String))
11:01:07.211 [http-nio-8000-exec-2] INFO  c.fox.factory.utils.LoggingAspect– Execution time (milis) 15 method execution(public com.fox.factory.entities.dto.ProductDetailDto com.fox.factory.service.ProductService.addImageToProduct(java.lang.Long,com.fox.factory.entities.ProductImage))
11:01:07.211 [http-nio-8000-exec-2] INFO  c.fox.factory.utils.LoggingAspect– Execution time (milis) 72 method execution(public com.fox.factory.entities.dto.ProductImageDto1 com.fox.factory.service.ProductImageService.createFromObject(java.lang.Long,com.fox.factory.entities.ProductImage))
11:01:07.283 [http-nio-8000-exec-2] INFO  c.fox.factory.utils.LoggingAspect– Execution time (milis) 2 method execution(public com.fox.factory.entities.dto.ProductDetailDto com.fox.factory.service.ProductService.addImageToProduct(java.lang.Long,com.fox.factory.entities.ProductImage))
11:01:07.284 [http-nio-8000-exec-2] INFO  c.fox.factory.utils.LoggingAspect– Execution time (milis) 57 method execution(public com.fox.factory.entities.dto.ProductImageDto1 com.fox.factory.service.ProductImageService.createFromObject(java.lang.Long,com.fox.factory.entities.ProductImage))
11:01:15.312 [http-nio-8000-exec-3] INFO  c.fox.factory.utils.LoggingAspect– Execution time (milis) 2 method execution(public java.util.List com.fox.factory.service.CatrgoryService.getAll())
11:01:15.389 [http-nio-8000-exec-5] INFO  c.fox.factory.utils.LoggingAspect– Execution time (milis) 68 method execution(public java.util.List com.fox.factory.service.ProductService.getAll())
11:42:41.818 [http-nio-8000-exec-8] INFO  c.fox.factory.utils.LoggingAspect– Execution time (milis) 9 method execution(public java.util.List com.fox.factory.service.CatrgoryService.getAll())
12:02:31.732 [http-nio-8000-exec-1] INFO  c.fox.factory.utils.LoggingAspect– Execution time (milis) 9 method execution(public java.util.List com.fox.factory.service.CatrgoryService.getAll())
12:02:31.792 [http-nio-8000-exec-10] INFO  c.fox.factory.utils.LoggingAspect– Execution time (milis) 158 method execution(public java.util.List com.fox.factory.service.ProductService.getAll())
12:03:11.247 [http-nio-8000-exec-2] INFO  c.fox.factory.utils.LoggingAspect– Execution time (milis) 4 method execution(public java.util.List com.fox.factory.service.CatrgoryService.getAll())
12:03:11.269 [http-nio-8000-exec-4] INFO  c.fox.factory.utils.LoggingAspect– Execution time (milis) 118 method execution(public java.util.List com.fox.factory.service.ProductService.getAll())
12:03:14.390 [http-nio-8000-exec-5] INFO  c.fox.factory.utils.LoggingAspect– Execution time (milis) 7 method execution(public java.util.Optional com.fox.factory.service.UserService.findByUsername(java.lang.String))
12:03:14.459 [http-nio-8000-exec-5] INFO  c.fox.factory.utils.LoggingAspect– Execution time (milis) 4 method execution(public com.fox.factory.entities.User com.fox.factory.service.UserService.getByUsername(java.lang.String))
12:03:14.460 [http-nio-8000-exec-5] INFO  c.fox.factory.utils.LoggingAspect– Execution time (milis) 1 method execution(public java.lang.String com.fox.factory.service.JwtService.generateToken(com.fox.factory.entities.User))
12:03:14.460 [http-nio-8000-exec-5] INFO  c.fox.factory.utils.LoggingAspect– Execution time (milis) 77 method execution(public com.fox.factory.entities.dto.security.Token com.fox.factory.service.AuthenticationService.authenticate(com.fox.factory.entities.dto.security.AuthenticationRequestDto))
12:03:14.493 [http-nio-8000-exec-7] INFO  c.fox.factory.utils.LoggingAspect– Execution time (milis) 20 method execution(public com.fox.factory.entities.dto.UserDetailDto com.fox.factory.service.UserService.getDtoByUsername(java.lang.String))
12:03:16.569 [http-nio-8000-exec-6] INFO  c.fox.factory.utils.LoggingAspect– Execution time (milis) 2 method execution(public java.util.List com.fox.factory.service.CatrgoryService.getAll())
12:03:16.651 [http-nio-8000-exec-8] INFO  c.fox.factory.utils.LoggingAspect– Execution time (milis) 71 method execution(public java.util.List com.fox.factory.service.ProductService.getAll())
12:03:21.398 [http-nio-8000-exec-9] INFO  c.fox.factory.utils.LoggingAspect– Execution time (milis) 2 method execution(public java.util.List com.fox.factory.service.CatrgoryService.getAll())
12:03:21.492 [http-nio-8000-exec-1] INFO  c.fox.factory.utils.LoggingAspect– Execution time (milis) 83 method execution(public java.util.List com.fox.factory.service.ProductService.getAll())
12:18:05.898 [http-nio-8000-exec-4] INFO  c.fox.factory.utils.LoggingAspect– Execution time (milis) 8 method execution(public java.util.Optional com.fox.factory.service.UserService.findByUsername(java.lang.String))
12:18:05.967 [http-nio-8000-exec-4] INFO  c.fox.factory.utils.LoggingAspect– Execution time (milis) 3 method execution(public com.fox.factory.entities.User com.fox.factory.service.UserService.getByUsername(java.lang.String))
12:18:05.969 [http-nio-8000-exec-4] INFO  c.fox.factory.utils.LoggingAspect– Execution time (milis) 1 method execution(public java.lang.String com.fox.factory.service.JwtService.generateToken(com.fox.factory.entities.User))
12:18:05.969 [http-nio-8000-exec-4] INFO  c.fox.factory.utils.LoggingAspect– Execution time (milis) 80 method execution(public com.fox.factory.entities.dto.security.Token com.fox.factory.service.AuthenticationService.authenticate(com.fox.factory.entities.dto.security.AuthenticationRequestDto))
12:18:06.003 [http-nio-8000-exec-3] INFO  c.fox.factory.utils.LoggingAspect– Execution time (milis) 22 method execution(public com.fox.factory.entities.dto.UserDetailDto com.fox.factory.service.UserService.getDtoByUsername(java.lang.String))
12:18:09.026 [http-nio-8000-exec-5] INFO  c.fox.factory.utils.LoggingAspect– Execution time (milis) 4 method execution(public java.util.List com.fox.factory.service.CatrgoryService.getAll())
12:18:09.106 [http-nio-8000-exec-7] INFO  c.fox.factory.utils.LoggingAspect– Execution time (milis) 74 method execution(public java.util.List com.fox.factory.service.ProductService.getAll())
12:18:10.470 [http-nio-8000-exec-6] INFO  c.fox.factory.utils.LoggingAspect– Execution time (milis) 2 method execution(public java.util.List com.fox.factory.service.CatrgoryService.getAll())
12:18:20.564 [http-nio-8000-exec-9] INFO  c.fox.factory.utils.LoggingAspect– Execution time (milis) 1 method execution(public java.util.List com.fox.factory.service.CatrgoryService.getAll())
12:18:33.247 [http-nio-8000-exec-10] INFO  c.fox.factory.utils.LoggingAspect– Execution time (milis) 3 method execution(public java.util.Optional com.fox.factory.service.UserService.findByUsername(java.lang.String))
12:18:33.316 [http-nio-8000-exec-10] INFO  c.fox.factory.utils.LoggingAspect– Execution time (milis) 4 method execution(public com.fox.factory.entities.User com.fox.factory.service.UserService.getByUsername(java.lang.String))
12:18:33.317 [http-nio-8000-exec-10] INFO  c.fox.factory.utils.LoggingAspect– Execution time (milis) 1 method execution(public java.lang.String com.fox.factory.service.JwtService.generateToken(com.fox.factory.entities.User))
12:18:33.318 [http-nio-8000-exec-10] INFO  c.fox.factory.utils.LoggingAspect– Execution time (milis) 75 method execution(public com.fox.factory.entities.dto.security.Token com.fox.factory.service.AuthenticationService.authenticate(com.fox.factory.entities.dto.security.AuthenticationRequestDto))
12:18:33.338 [http-nio-8000-exec-2] INFO  c.fox.factory.utils.LoggingAspect– Execution time (milis) 10 method execution(public com.fox.factory.entities.dto.UserDetailDto com.fox.factory.service.UserService.getDtoByUsername(java.lang.String))
12:18:35.529 [http-nio-8000-exec-4] INFO  c.fox.factory.utils.LoggingAspect– Execution time (milis) 2 method execution(public java.util.List com.fox.factory.service.CatrgoryService.getAll())
12:18:35.605 [http-nio-8000-exec-3] INFO  c.fox.factory.utils.LoggingAspect– Execution time (milis) 67 method execution(public java.util.List com.fox.factory.service.ProductService.getAll())
12:18:37.271 [http-nio-8000-exec-5] INFO  c.fox.factory.utils.LoggingAspect– Execution time (milis) 2 method execution(public java.util.List com.fox.factory.service.CatrgoryService.getAll())
12:19:07.413 [http-nio-8000-exec-6] INFO  c.fox.factory.utils.LoggingAspect– Execution time (milis) 1 method execution(public java.util.List com.fox.factory.service.CatrgoryService.getAll())
12:20:10.772 [http-nio-8000-exec-2] INFO  c.fox.factory.utils.LoggingAspect– Execution time (milis) 1 method execution(public java.util.List com.fox.factory.service.CatrgoryService.getAll())
12:20:19.682 [http-nio-8000-exec-3] INFO  c.fox.factory.utils.LoggingAspect– Execution time (milis) 2 method execution(public java.util.List com.fox.factory.service.CatrgoryService.getAll())
12:20:52.414 [http-nio-8000-exec-5] INFO  c.fox.factory.utils.LoggingAspect– Execution time (milis) 4 method execution(public java.util.List com.fox.factory.service.CatrgoryService.getAll())
12:20:55.205 [http-nio-8000-exec-7] INFO  c.fox.factory.utils.LoggingAspect– Execution time (milis) 1 method execution(public java.util.List com.fox.factory.service.CatrgoryService.getAll())
12:21:04.292 [http-nio-8000-exec-1] INFO  c.fox.factory.utils.LoggingAspect– Execution time (milis) 3 method execution(public java.util.Optional com.fox.factory.service.UserService.findByUsername(java.lang.String))
12:21:04.363 [http-nio-8000-exec-1] INFO  c.fox.factory.utils.LoggingAspect– Execution time (milis) 3 method execution(public com.fox.factory.entities.User com.fox.factory.service.UserService.getByUsername(java.lang.String))
12:21:04.365 [http-nio-8000-exec-1] INFO  c.fox.factory.utils.LoggingAspect– Execution time (milis) 1 method execution(public java.lang.String com.fox.factory.service.JwtService.generateToken(com.fox.factory.entities.User))
12:21:04.365 [http-nio-8000-exec-1] INFO  c.fox.factory.utils.LoggingAspect– Execution time (milis) 76 method execution(public com.fox.factory.entities.dto.security.Token com.fox.factory.service.AuthenticationService.authenticate(com.fox.factory.entities.dto.security.AuthenticationRequestDto))
12:21:04.382 [http-nio-8000-exec-8] INFO  c.fox.factory.utils.LoggingAspect– Execution time (milis) 7 method execution(public com.fox.factory.entities.dto.UserDetailDto com.fox.factory.service.UserService.getDtoByUsername(java.lang.String))
12:21:05.872 [http-nio-8000-exec-10] INFO  c.fox.factory.utils.LoggingAspect– Execution time (milis) 2 method execution(public java.util.List com.fox.factory.service.CatrgoryService.getAll())
12:21:05.944 [http-nio-8000-exec-2] INFO  c.fox.factory.utils.LoggingAspect– Execution time (milis) 63 method execution(public java.util.List com.fox.factory.service.ProductService.getAll())
12:21:07.084 [http-nio-8000-exec-4] INFO  c.fox.factory.utils.LoggingAspect– Execution time (milis) 2 method execution(public java.util.List com.fox.factory.service.CatrgoryService.getAll())
12:21:08.394 [http-nio-8000-exec-5] INFO  c.fox.factory.utils.LoggingAspect– Execution time (milis) 2 method execution(public java.util.List com.fox.factory.service.CatrgoryService.getAll())
12:23:13.398 [http-nio-8000-exec-5] INFO  c.fox.factory.utils.LoggingAspect– Execution time (milis) 2 method execution(public java.util.List com.fox.factory.service.CatrgoryService.getAll())
12:23:14.411 [http-nio-8000-exec-7] INFO  c.fox.factory.utils.LoggingAspect– Execution time (milis) 1 method execution(public java.util.List com.fox.factory.service.CatrgoryService.getAll())
12:32:39.302 [http-nio-8000-exec-8] INFO  c.fox.factory.utils.LoggingAspect– Execution time (milis) 1 method execution(public java.util.List com.fox.factory.service.CatrgoryService.getAll())
12:35:03.875 [http-nio-8000-exec-2] INFO  c.fox.factory.utils.LoggingAspect– Execution time (milis) 1 method execution(public java.util.List com.fox.factory.service.CatrgoryService.getAll())
12:35:17.030 [http-nio-8000-exec-5] INFO  c.fox.factory.utils.LoggingAspect– Execution time (milis) 4 method execution(public java.util.Optional com.fox.factory.service.UserService.findByUsername(java.lang.String))
12:35:17.103 [http-nio-8000-exec-5] INFO  c.fox.factory.utils.LoggingAspect– Execution time (milis) 3 method execution(public com.fox.factory.entities.User com.fox.factory.service.UserService.getByUsername(java.lang.String))
12:35:17.105 [http-nio-8000-exec-5] INFO  c.fox.factory.utils.LoggingAspect– Execution time (milis) 1 method execution(public java.lang.String com.fox.factory.service.JwtService.generateToken(com.fox.factory.entities.User))
12:35:17.106 [http-nio-8000-exec-5] INFO  c.fox.factory.utils.LoggingAspect– Execution time (milis) 81 method execution(public com.fox.factory.entities.dto.security.Token com.fox.factory.service.AuthenticationService.authenticate(com.fox.factory.entities.dto.security.AuthenticationRequestDto))
12:35:17.126 [http-nio-8000-exec-3] INFO  c.fox.factory.utils.LoggingAspect– Execution time (milis) 10 method execution(public com.fox.factory.entities.dto.UserDetailDto com.fox.factory.service.UserService.getDtoByUsername(java.lang.String))
12:35:20.254 [http-nio-8000-exec-7] INFO  c.fox.factory.utils.LoggingAspect– Execution time (milis) 2 method execution(public java.util.List com.fox.factory.service.CatrgoryService.getAll())
12:35:20.349 [http-nio-8000-exec-6] INFO  c.fox.factory.utils.LoggingAspect– Execution time (milis) 84 method execution(public java.util.List com.fox.factory.service.ProductService.getAll())
12:39:04.739 [http-nio-8000-exec-8] INFO  c.fox.factory.utils.LoggingAspect– Execution time (milis) 2 method execution(public java.util.List com.fox.factory.service.CatrgoryService.getAll())
12:39:06.334 [http-nio-8000-exec-2] INFO  c.fox.factory.utils.LoggingAspect– Execution time (milis) 1 method execution(public java.util.List com.fox.factory.service.CatrgoryService.getAll())
12:39:06.338 [http-nio-8000-exec-4] INFO  c.fox.factory.utils.LoggingAspect– Execution time (milis) 3 method execution(public java.lang.String com.fox.factory.service.JwtService.extractUsername(java.lang.String))
12:39:06.340 [http-nio-8000-exec-4] INFO  c.fox.factory.utils.LoggingAspect– Execution time (milis) 1 method execution(public boolean com.fox.factory.service.JwtService.isNotExpired(java.lang.String))
12:39:06.342 [http-nio-8000-exec-4] INFO  c.fox.factory.utils.LoggingAspect– Execution time (milis) 2 method execution(public java.util.Optional com.fox.factory.service.UserService.findByUsername(java.lang.String))
12:39:06.351 [http-nio-8000-exec-4] INFO  c.fox.factory.utils.LoggingAspect– Execution time (milis) 6 method execution(public void com.fox.factory.service.CatrgoryService.delete(java.lang.Long))
12:39:25.661 [http-nio-8000-exec-5] INFO  c.fox.factory.utils.LoggingAspect– Execution time (milis) 2 method execution(public java.util.List com.fox.factory.service.CatrgoryService.getAll())
12:39:25.735 [http-nio-8000-exec-3] INFO  c.fox.factory.utils.LoggingAspect– Execution time (milis) 61 method execution(public java.util.List com.fox.factory.service.ProductService.getAll())
12:39:26.641 [http-nio-8000-exec-7] INFO  c.fox.factory.utils.LoggingAspect– Execution time (milis) 1 method execution(public java.util.List com.fox.factory.service.CatrgoryService.getAll())
12:40:10.508 [http-nio-8000-exec-9] INFO  c.fox.factory.utils.LoggingAspect– Execution time (milis) 2 method execution(public java.util.List com.fox.factory.service.CatrgoryService.getAll())
12:40:41.379 [http-nio-8000-exec-8] INFO  c.fox.factory.utils.LoggingAspect– Execution time (milis) 1 method execution(public java.util.List com.fox.factory.service.CatrgoryService.getAll())
12:40:47.073 [http-nio-8000-exec-10] INFO  c.fox.factory.utils.LoggingAspect– Execution time (milis) 7 method execution(public java.util.Optional com.fox.factory.service.UserService.findByUsername(java.lang.String))
12:40:47.148 [http-nio-8000-exec-10] INFO  c.fox.factory.utils.LoggingAspect– Execution time (milis) 4 method execution(public com.fox.factory.entities.User com.fox.factory.service.UserService.getByUsername(java.lang.String))
12:40:47.150 [http-nio-8000-exec-10] INFO  c.fox.factory.utils.LoggingAspect– Execution time (milis) 1 method execution(public java.lang.String com.fox.factory.service.JwtService.generateToken(com.fox.factory.entities.User))
12:40:47.150 [http-nio-8000-exec-10] INFO  c.fox.factory.utils.LoggingAspect– Execution time (milis) 84 method execution(public com.fox.factory.entities.dto.security.Token com.fox.factory.service.AuthenticationService.authenticate(com.fox.factory.entities.dto.security.AuthenticationRequestDto))
12:40:47.190 [http-nio-8000-exec-2] INFO  c.fox.factory.utils.LoggingAspect– Execution time (milis) 14 method execution(public com.fox.factory.entities.dto.UserDetailDto com.fox.factory.service.UserService.getDtoByUsername(java.lang.String))
12:40:48.199 [http-nio-8000-exec-4] INFO  c.fox.factory.utils.LoggingAspect– Execution time (milis) 2 method execution(public java.util.List com.fox.factory.service.CatrgoryService.getAll())
12:40:48.269 [http-nio-8000-exec-5] INFO  c.fox.factory.utils.LoggingAspect– Execution time (milis) 63 method execution(public java.util.List com.fox.factory.service.ProductService.getAll())
12:40:49.639 [http-nio-8000-exec-3] INFO  c.fox.factory.utils.LoggingAspect– Execution time (milis) 2 method execution(public java.util.List com.fox.factory.service.CatrgoryService.getAll())
12:41:00.537 [http-nio-8000-exec-6] INFO  c.fox.factory.utils.LoggingAspect– Execution time (milis) 2 method execution(public java.lang.String com.fox.factory.service.JwtService.extractUsername(java.lang.String))
12:41:00.538 [http-nio-8000-exec-6] INFO  c.fox.factory.utils.LoggingAspect– Execution time (milis) 1 method execution(public boolean com.fox.factory.service.JwtService.isNotExpired(java.lang.String))
12:41:00.541 [http-nio-8000-exec-6] INFO  c.fox.factory.utils.LoggingAspect– Execution time (milis) 2 method execution(public java.util.Optional com.fox.factory.service.UserService.findByUsername(java.lang.String))
12:41:00.549 [http-nio-8000-exec-6] INFO  c.fox.factory.utils.LoggingAspect– Execution time (milis) 4 method execution(public com.fox.factory.entities.dto.CatrgoryDto com.fox.factory.service.CatrgoryService.create(com.fox.factory.entities.dto.CatrgoryDto))
12:41:00.566 [http-nio-8000-exec-9] INFO  c.fox.factory.utils.LoggingAspect– Execution time (milis) 1 method execution(public java.util.List com.fox.factory.service.CatrgoryService.getAll())
12:41:02.862 [http-nio-8000-exec-1] INFO  c.fox.factory.utils.LoggingAspect– Execution time (milis) 2 method execution(public java.util.List com.fox.factory.service.CatrgoryService.getAll())
12:41:02.937 [http-nio-8000-exec-8] INFO  c.fox.factory.utils.LoggingAspect– Execution time (milis) 65 method execution(public java.util.List com.fox.factory.service.ProductService.getAll())
12:41:09.955 [http-nio-8000-exec-10] INFO  c.fox.factory.utils.LoggingAspect– Execution time (milis) 18 method execution(public com.fox.factory.entities.dto.ProductDetailDto com.fox.factory.service.ProductService.findById(java.lang.Long))
12:41:27.817 [http-nio-8000-exec-4] INFO  c.fox.factory.utils.LoggingAspect– Execution time (milis) 4 method execution(public com.fox.factory.entities.dto.CommentsDto com.fox.factory.service.CommentService.create(com.fox.factory.entities.dto.CommentCreateDto))
12:41:27.821 [http-nio-8000-exec-4] INFO  c.fox.factory.utils.LoggingAspect– Execution time (milis) 16 method execution(public com.fox.factory.entities.dto.ProductDetailDto com.fox.factory.service.ProductService.commentProduct(java.lang.Long,com.fox.factory.entities.dto.CommentCreateDto))
12:42:19.838 [http-nio-8000-exec-3] INFO  c.fox.factory.utils.LoggingAspect– Execution time (milis) 2 method execution(public java.util.List com.fox.factory.service.CatrgoryService.getAll())
12:42:19.903 [http-nio-8000-exec-7] INFO  c.fox.factory.utils.LoggingAspect– Execution time (milis) 62 method execution(public java.util.List com.fox.factory.service.ProductService.getAll())
12:42:22.640 [http-nio-8000-exec-6] INFO  c.fox.factory.utils.LoggingAspect– Execution time (milis) 30 method execution(public com.fox.factory.entities.dto.ProductDetailDto com.fox.factory.service.ProductService.findById(java.lang.Long))
12:42:25.574 [http-nio-8000-exec-9] INFO  c.fox.factory.utils.LoggingAspect– Execution time (milis) 2 method execution(public java.util.List com.fox.factory.service.CatrgoryService.getAll())
12:42:25.642 [http-nio-8000-exec-1] INFO  c.fox.factory.utils.LoggingAspect– Execution time (milis) 63 method execution(public java.util.List com.fox.factory.service.ProductService.getAll())
12:42:27.854 [http-nio-8000-exec-8] INFO  c.fox.factory.utils.LoggingAspect– Execution time (milis) 12 method execution(public com.fox.factory.entities.dto.ProductDetailDto com.fox.factory.service.ProductService.findById(java.lang.Long))
12:42:36.497 [http-nio-8000-exec-10] INFO  c.fox.factory.utils.LoggingAspect– Execution time (milis) 1 method execution(public java.util.List com.fox.factory.service.CatrgoryService.getAll())
12:42:36.569 [http-nio-8000-exec-2] INFO  c.fox.factory.utils.LoggingAspect– Execution time (milis) 63 method execution(public java.util.List com.fox.factory.service.ProductService.getAll())
12:42:57.609 [http-nio-8000-exec-4] INFO  c.fox.factory.utils.LoggingAspect– Execution time (milis) 26 method execution(public com.fox.factory.entities.dto.UserDetailDto com.fox.factory.service.UserService.getDtoByUsername(java.lang.String))
12:42:57.622 [http-nio-8000-exec-5] INFO  c.fox.factory.utils.LoggingAspect– Execution time (milis) 7 method execution(public com.fox.factory.entities.dto.UserDetailDto com.fox.factory.service.UserService.getDtoByUsername(java.lang.String))
12:42:57.634 [http-nio-8000-exec-3] INFO  c.fox.factory.utils.LoggingAspect– Execution time (milis) 7 method execution(public com.fox.factory.entities.dto.UserDetailDto com.fox.factory.service.UserService.getDtoByUsername(java.lang.String))
12:43:05.659 [http-nio-8000-exec-7] INFO  c.fox.factory.utils.LoggingAspect– Execution time (milis) 4 method execution(public java.util.Optional com.fox.factory.service.UserService.findByUsername(java.lang.String))
12:43:05.727 [http-nio-8000-exec-7] INFO  c.fox.factory.utils.LoggingAspect– Execution time (milis) 3 method execution(public com.fox.factory.entities.User com.fox.factory.service.UserService.getByUsername(java.lang.String))
12:43:05.728 [http-nio-8000-exec-7] INFO  c.fox.factory.utils.LoggingAspect– Execution time (milis) 1 method execution(public java.lang.String com.fox.factory.service.JwtService.generateToken(com.fox.factory.entities.User))
12:43:05.728 [http-nio-8000-exec-7] INFO  c.fox.factory.utils.LoggingAspect– Execution time (milis) 74 method execution(public com.fox.factory.entities.dto.security.Token com.fox.factory.service.AuthenticationService.authenticate(com.fox.factory.entities.dto.security.AuthenticationRequestDto))
12:43:05.745 [http-nio-8000-exec-6] INFO  c.fox.factory.utils.LoggingAspect– Execution time (milis) 8 method execution(public com.fox.factory.entities.dto.UserDetailDto com.fox.factory.service.UserService.getDtoByUsername(java.lang.String))
12:43:06.932 [http-nio-8000-exec-9] INFO  c.fox.factory.utils.LoggingAspect– Execution time (milis) 9 method execution(public com.fox.factory.entities.dto.UserDetailDto com.fox.factory.service.UserService.getDtoByUsername(java.lang.String))
12:43:06.949 [http-nio-8000-exec-1] INFO  c.fox.factory.utils.LoggingAspect– Execution time (milis) 8 method execution(public com.fox.factory.entities.dto.UserDetailDto com.fox.factory.service.UserService.getDtoByUsername(java.lang.String))
12:43:06.960 [http-nio-8000-exec-8] INFO  c.fox.factory.utils.LoggingAspect– Execution time (milis) 7 method execution(public com.fox.factory.entities.dto.UserDetailDto com.fox.factory.service.UserService.getDtoByUsername(java.lang.String))
12:43:21.939 [http-nio-8000-exec-10] INFO  c.fox.factory.utils.LoggingAspect– Execution time (milis) 8 method execution(public java.util.Optional com.fox.factory.service.UserService.findByUsername(java.lang.String))
12:43:22.010 [http-nio-8000-exec-10] INFO  c.fox.factory.utils.LoggingAspect– Execution time (milis) 3 method execution(public com.fox.factory.entities.User com.fox.factory.service.UserService.getByUsername(java.lang.String))
12:43:22.011 [http-nio-8000-exec-10] INFO  c.fox.factory.utils.LoggingAspect– Execution time (milis) 1 method execution(public java.lang.String com.fox.factory.service.JwtService.generateToken(com.fox.factory.entities.User))
12:43:22.012 [http-nio-8000-exec-10] INFO  c.fox.factory.utils.LoggingAspect– Execution time (milis) 82 method execution(public com.fox.factory.entities.dto.security.Token com.fox.factory.service.AuthenticationService.authenticate(com.fox.factory.entities.dto.security.AuthenticationRequestDto))
12:43:22.042 [http-nio-8000-exec-2] INFO  c.fox.factory.utils.LoggingAspect– Execution time (milis) 21 method execution(public com.fox.factory.entities.dto.UserDetailDto com.fox.factory.service.UserService.getDtoByUsername(java.lang.String))
12:43:23.173 [http-nio-8000-exec-4] INFO  c.fox.factory.utils.LoggingAspect– Execution time (milis) 9 method execution(public com.fox.factory.entities.dto.UserDetailDto com.fox.factory.service.UserService.getDtoByUsername(java.lang.String))
12:43:23.187 [http-nio-8000-exec-5] INFO  c.fox.factory.utils.LoggingAspect– Execution time (milis) 7 method execution(public com.fox.factory.entities.dto.UserDetailDto com.fox.factory.service.UserService.getDtoByUsername(java.lang.String))
12:43:23.197 [http-nio-8000-exec-3] INFO  c.fox.factory.utils.LoggingAspect– Execution time (milis) 6 method execution(public com.fox.factory.entities.dto.UserDetailDto com.fox.factory.service.UserService.getDtoByUsername(java.lang.String))
15:09:38.855 [http-nio-8000-exec-8] INFO  c.fox.factory.utils.LoggingAspect– Execution time (milis) 10 method execution(public java.util.Optional com.fox.factory.service.UserService.findByUsername(java.lang.String))
15:09:38.925 [http-nio-8000-exec-8] INFO  c.fox.factory.utils.LoggingAspect– Execution time (milis) 3 method execution(public com.fox.factory.entities.User com.fox.factory.service.UserService.getByUsername(java.lang.String))
15:09:38.927 [http-nio-8000-exec-8] INFO  c.fox.factory.utils.LoggingAspect– Execution time (milis) 1 method execution(public java.lang.String com.fox.factory.service.JwtService.generateToken(com.fox.factory.entities.User))
15:09:38.927 [http-nio-8000-exec-8] INFO  c.fox.factory.utils.LoggingAspect– Execution time (milis) 83 method execution(public com.fox.factory.entities.dto.security.Token com.fox.factory.service.AuthenticationService.authenticate(com.fox.factory.entities.dto.security.AuthenticationRequestDto))
15:09:38.961 [http-nio-8000-exec-10] INFO  c.fox.factory.utils.LoggingAspect– Execution time (milis) 22 method execution(public com.fox.factory.entities.dto.UserDetailDto com.fox.factory.service.UserService.getDtoByUsername(java.lang.String))
15:09:42.033 [http-nio-8000-exec-2] INFO  c.fox.factory.utils.LoggingAspect– Execution time (milis) 4 method execution(public java.util.List com.fox.factory.service.CatrgoryService.getAll())
15:09:42.141 [http-nio-8000-exec-4] INFO  c.fox.factory.utils.LoggingAspect– Execution time (milis) 96 method execution(public java.util.List com.fox.factory.service.ProductService.getAll())
15:20:58.305 [http-nio-8000-exec-9] INFO  c.fox.factory.utils.LoggingAspect– Execution time (milis) 9 method execution(public java.util.List com.fox.factory.service.CatrgoryService.getAll())
15:20:58.342 [http-nio-8000-exec-7] INFO  c.fox.factory.utils.LoggingAspect– Execution time (milis) 127 method execution(public java.util.List com.fox.factory.service.ProductService.getAll())
15:21:07.261 [http-nio-8000-exec-6] INFO  c.fox.factory.utils.LoggingAspect– Execution time (milis) 7 method execution(public java.util.Optional com.fox.factory.service.UserService.findByUsername(java.lang.String))
15:21:07.329 [http-nio-8000-exec-6] INFO  c.fox.factory.utils.LoggingAspect– Execution time (milis) 3 method execution(public com.fox.factory.entities.User com.fox.factory.service.UserService.getByUsername(java.lang.String))
15:21:07.331 [http-nio-8000-exec-6] INFO  c.fox.factory.utils.LoggingAspect– Execution time (milis) 1 method execution(public java.lang.String com.fox.factory.service.JwtService.generateToken(com.fox.factory.entities.User))
15:21:07.331 [http-nio-8000-exec-6] INFO  c.fox.factory.utils.LoggingAspect– Execution time (milis) 78 method execution(public com.fox.factory.entities.dto.security.Token com.fox.factory.service.AuthenticationService.authenticate(com.fox.factory.entities.dto.security.AuthenticationRequestDto))
15:21:07.361 [http-nio-8000-exec-1] INFO  c.fox.factory.utils.LoggingAspect– Execution time (milis) 19 method execution(public com.fox.factory.entities.dto.UserDetailDto com.fox.factory.service.UserService.getDtoByUsername(java.lang.String))
15:21:14.773 [http-nio-8000-exec-10] INFO  c.fox.factory.utils.LoggingAspect– Execution time (milis) 3 method execution(public java.lang.String com.fox.factory.service.JwtService.extractUsername(java.lang.String))
15:21:14.775 [http-nio-8000-exec-10] INFO  c.fox.factory.utils.LoggingAspect– Execution time (milis) 1 method execution(public boolean com.fox.factory.service.JwtService.isNotExpired(java.lang.String))
15:21:14.779 [http-nio-8000-exec-10] INFO  c.fox.factory.utils.LoggingAspect– Execution time (milis) 4 method execution(public java.util.Optional com.fox.factory.service.UserService.findByUsername(java.lang.String))
15:21:14.792 [http-nio-8000-exec-10] WARN  o.s.w.s.m.s.DefaultHandlerExceptionResolver– Resolved [org.springframework.http.converter.HttpMessageNotReadableException: JSON parse error: Cannot deserialize value of type `java.time.LocalDate` from String "2023-3-0": Failed to deserialize java.time.LocalDate: (java.time.format.DateTimeParseException) Text '2023-3-0' could not be parsed at index 5]
15:24:39.212 [http-nio-8000-exec-4] INFO  c.fox.factory.utils.LoggingAspect– Execution time (milis) 3 method execution(public java.util.Optional com.fox.factory.service.UserService.findByUsername(java.lang.String))
15:24:39.284 [http-nio-8000-exec-4] INFO  c.fox.factory.utils.LoggingAspect– Execution time (milis) 4 method execution(public com.fox.factory.entities.User com.fox.factory.service.UserService.getByUsername(java.lang.String))
15:24:39.285 [http-nio-8000-exec-4] INFO  c.fox.factory.utils.LoggingAspect– Execution time (milis) 1 method execution(public java.lang.String com.fox.factory.service.JwtService.generateToken(com.fox.factory.entities.User))
15:24:39.285 [http-nio-8000-exec-4] INFO  c.fox.factory.utils.LoggingAspect– Execution time (milis) 77 method execution(public com.fox.factory.entities.dto.security.Token com.fox.factory.service.AuthenticationService.authenticate(com.fox.factory.entities.dto.security.AuthenticationRequestDto))
15:24:39.302 [http-nio-8000-exec-5] INFO  c.fox.factory.utils.LoggingAspect– Execution time (milis) 6 method execution(public com.fox.factory.entities.dto.UserDetailDto com.fox.factory.service.UserService.getDtoByUsername(java.lang.String))
15:24:40.832 [http-nio-8000-exec-3] INFO  c.fox.factory.utils.LoggingAspect– Execution time (milis) 2 method execution(public java.util.List com.fox.factory.service.CatrgoryService.getAll())
15:24:40.906 [http-nio-8000-exec-9] INFO  c.fox.factory.utils.LoggingAspect– Execution time (milis) 71 method execution(public java.util.List com.fox.factory.service.ProductService.getAll())
15:24:49.601 [http-nio-8000-exec-7] INFO  c.fox.factory.utils.LoggingAspect– Execution time (milis) 3 method execution(public java.lang.String com.fox.factory.service.JwtService.extractUsername(java.lang.String))
15:24:49.604 [http-nio-8000-exec-7] INFO  c.fox.factory.utils.LoggingAspect– Execution time (milis) 2 method execution(public boolean com.fox.factory.service.JwtService.isNotExpired(java.lang.String))
15:24:49.608 [http-nio-8000-exec-7] INFO  c.fox.factory.utils.LoggingAspect– Execution time (milis) 3 method execution(public java.util.Optional com.fox.factory.service.UserService.findByUsername(java.lang.String))
15:24:49.615 [http-nio-8000-exec-7] INFO  c.fox.factory.utils.LoggingAspect– Execution time (milis) 3 method execution(public java.util.Optional com.fox.factory.service.UserService.findByUsername(java.lang.String))
15:24:49.623 [http-nio-8000-exec-7] INFO  c.fox.factory.utils.LoggingAspect– Execution time (milis) 1 method execution(public com.fox.factory.entities.User com.fox.factory.service.UserService.save(com.fox.factory.entities.User))
15:24:49.623 [http-nio-8000-exec-7] INFO  c.fox.factory.utils.LoggingAspect– Execution time (milis) 12 method execution(public com.fox.factory.entities.dto.OrderDto com.fox.factory.service.OrderService.create(com.fox.factory.entities.dto.OrderDto))
15:24:49.664 [http-nio-8000-exec-1] INFO  c.fox.factory.utils.LoggingAspect– Execution time (milis) 3 method execution(public java.lang.String com.fox.factory.service.JwtService.extractUsername(java.lang.String))
15:24:49.665 [http-nio-8000-exec-1] INFO  c.fox.factory.utils.LoggingAspect– Execution time (milis) 1 method execution(public boolean com.fox.factory.service.JwtService.isNotExpired(java.lang.String))
15:24:49.667 [http-nio-8000-exec-1] INFO  c.fox.factory.utils.LoggingAspect– Execution time (milis) 2 method execution(public java.util.Optional com.fox.factory.service.UserService.findByUsername(java.lang.String))
15:24:49.689 [http-nio-8000-exec-1] INFO  c.fox.factory.utils.LoggingAspect– Execution time (milis) 8 method execution(public java.util.List com.fox.factory.service.OrderItemService.create(java.util.List))
15:24:49.690 [http-nio-8000-exec-1] INFO  c.fox.factory.utils.LoggingAspect– Execution time (milis) 0 method execution(public java.util.List com.fox.factory.service.OrderItemService.getObjectFromDto(java.util.List))
15:24:49.714 [http-nio-8000-exec-1] INFO  c.fox.factory.utils.LoggingAspect– Execution time (milis) 24 method execution(public com.fox.factory.entities.dto.OrderDto com.fox.factory.service.OrderService.addOrderItem(java.lang.Long,java.util.List))
15:24:56.478 [http-nio-8000-exec-8] INFO  c.fox.factory.utils.LoggingAspect– Execution time (milis) 43 method execution(public com.fox.factory.entities.dto.UserDetailDto com.fox.factory.service.UserService.getDtoByUsername(java.lang.String))
15:24:56.542 [http-nio-8000-exec-10] INFO  c.fox.factory.utils.LoggingAspect– Execution time (milis) 57 method execution(public com.fox.factory.entities.dto.UserDetailDto com.fox.factory.service.UserService.getDtoByUsername(java.lang.String))
15:24:56.590 [http-nio-8000-exec-2] INFO  c.fox.factory.utils.LoggingAspect– Execution time (milis) 42 method execution(public com.fox.factory.entities.dto.UserDetailDto com.fox.factory.service.UserService.getDtoByUsername(java.lang.String))
15:51:23.780 [SpringApplicationShutdownHook] INFO  o.s.o.j.LocalContainerEntityManagerFactoryBean– Closing JPA EntityManagerFactory for persistence unit 'default'
15:51:23.787 [SpringApplicationShutdownHook] INFO  com.zaxxer.hikari.HikariDataSource– HikariPool-1 - Shutdown initiated...
15:51:23.790 [SpringApplicationShutdownHook] INFO  com.zaxxer.hikari.HikariDataSource– HikariPool-1 - Shutdown completed.
15:51:30.552 [background-preinit] INFO  o.h.validator.internal.util.Version– HV000001: Hibernate Validator 8.0.0.Final
15:51:30.618 [restartedMain] INFO  com.fox.factory.FactoryApplication– Starting FactoryApplication using Java 17.0.6 with PID 11528 (C:\Users\kave7\IdeaProjects\factory\target\classes started by kave7 in C:\Users\kave7\IdeaProjects\factory)
15:51:30.620 [restartedMain] INFO  com.fox.factory.FactoryApplication– No active profile set, falling back to 1 default profile: "default"
15:51:30.688 [restartedMain] INFO  o.s.b.d.e.DevToolsPropertyDefaultsPostProcessor– Devtools property defaults active! Set 'spring.devtools.add-properties' to 'false' to disable
15:51:30.688 [restartedMain] INFO  o.s.b.d.e.DevToolsPropertyDefaultsPostProcessor– For additional web related logging consider setting the 'logging.level.web' property to 'DEBUG'
15:51:31.655 [restartedMain] INFO  o.s.d.r.c.RepositoryConfigurationDelegate– Bootstrapping Spring Data JPA repositories in DEFAULT mode.
15:51:31.756 [restartedMain] INFO  o.s.d.r.c.RepositoryConfigurationDelegate– Finished Spring Data repository scanning in 93 ms. Found 8 JPA repository interfaces.
15:51:32.987 [restartedMain] INFO  o.s.b.w.e.tomcat.TomcatWebServer– Tomcat initialized with port(s): 8000 (http)
15:51:32.996 [restartedMain] INFO  o.a.coyote.http11.Http11NioProtocol– Initializing ProtocolHandler ["http-nio-8000"]
15:51:32.996 [restartedMain] INFO  o.a.catalina.core.StandardService– Starting service [Tomcat]
15:51:32.996 [restartedMain] INFO  o.a.catalina.core.StandardEngine– Starting Servlet engine: [Apache Tomcat/10.1.5]
15:51:33.058 [restartedMain] INFO  o.a.c.c.C.[Tomcat].[localhost].[/]– Initializing Spring embedded WebApplicationContext
15:51:33.058 [restartedMain] INFO  o.s.b.w.s.c.ServletWebServerApplicationContext– Root WebApplicationContext: initialization completed in 2369 ms
15:51:33.395 [restartedMain] INFO  o.h.jpa.internal.util.LogHelper– HHH000204: Processing PersistenceUnitInfo [name: default]
15:51:33.463 [restartedMain] INFO  org.hibernate.Version– HHH000412: Hibernate ORM core version 6.1.7.Final
15:51:33.775 [restartedMain] INFO  com.zaxxer.hikari.HikariDataSource– HikariPool-1 - Starting...
15:51:33.938 [restartedMain] INFO  com.zaxxer.hikari.pool.HikariPool– HikariPool-1 - Added connection org.postgresql.jdbc.PgConnection@764f8a37
15:51:33.940 [restartedMain] INFO  com.zaxxer.hikari.HikariDataSource– HikariPool-1 - Start completed.
15:51:33.976 [restartedMain] INFO  SQL dialect– HHH000400: Using dialect: org.hibernate.dialect.PostgreSQLDialect
15:51:35.288 [restartedMain] INFO  o.h.e.t.j.p.i.JtaPlatformInitiator– HHH000490: Using JtaPlatform implementation: [org.hibernate.engine.transaction.jta.platform.internal.NoJtaPlatform]
15:51:35.300 [restartedMain] INFO  o.s.o.j.LocalContainerEntityManagerFactoryBean– Initialized JPA EntityManagerFactory for persistence unit 'default'
15:51:36.323 [restartedMain] WARN  o.s.b.a.o.j.JpaBaseConfiguration$JpaWebConfiguration– spring.jpa.open-in-view is enabled by default. Therefore, database queries may be performed during view rendering. Explicitly configure spring.jpa.open-in-view to disable this warning
15:51:36.576 [restartedMain] INFO  o.s.s.w.DefaultSecurityFilterChain– Will secure any request with [org.springframework.security.web.session.DisableEncodeUrlFilter@4cf60d61, org.springframework.security.web.context.request.async.WebAsyncManagerIntegrationFilter@7c9fea69, org.springframework.security.web.context.SecurityContextHolderFilter@2c6325fa, org.springframework.security.web.header.HeaderWriterFilter@47cea1a4, org.springframework.security.web.authentication.logout.LogoutFilter@402e6afe, com.fox.factory.security.JwtAuthenticationFilter@210e60ba, org.springframework.security.web.savedrequest.RequestCacheAwareFilter@4b3eade9, org.springframework.security.web.servletapi.SecurityContextHolderAwareRequestFilter@b9f1aa9, org.springframework.security.web.authentication.AnonymousAuthenticationFilter@230af5c2, org.springframework.security.web.session.SessionManagementFilter@2c6e5a25, org.springframework.security.web.access.ExceptionTranslationFilter@272ffa7f, org.springframework.security.web.access.intercept.AuthorizationFilter@15a4afb1]
15:51:37.982 [restartedMain] INFO  o.s.b.d.a.OptionalLiveReloadServer– LiveReload server is running on port 35729
15:51:37.990 [restartedMain] INFO  o.s.b.a.e.web.EndpointLinksResolver– Exposing 1 endpoint(s) beneath base path '/actuator'
15:51:38.082 [restartedMain] INFO  o.a.coyote.http11.Http11NioProtocol– Starting ProtocolHandler ["http-nio-8000"]
15:51:38.103 [restartedMain] INFO  o.s.b.w.e.tomcat.TomcatWebServer– Tomcat started on port(s): 8000 (http) with context path ''
15:51:38.120 [restartedMain] INFO  com.fox.factory.FactoryApplication– Started FactoryApplication in 7.946 seconds (process running for 9.079)
15:51:38.511 [RMI TCP Connection(1)-172.31.112.1] INFO  o.a.c.c.C.[Tomcat].[localhost].[/]– Initializing Spring DispatcherServlet 'dispatcherServlet'
15:51:38.512 [RMI TCP Connection(1)-172.31.112.1] INFO  o.s.web.servlet.DispatcherServlet– Initializing Servlet 'dispatcherServlet'
15:51:38.514 [RMI TCP Connection(1)-172.31.112.1] INFO  o.s.web.servlet.DispatcherServlet– Completed initialization in 2 ms
15:57:37.790 [http-nio-8000-exec-4] INFO  c.fox.factory.utils.LoggingAspect– Execution time (milis) 140 method execution(public java.util.Optional com.fox.factory.service.UserService.findByUsername(java.lang.String))
15:57:37.864 [http-nio-8000-exec-4] INFO  c.fox.factory.utils.LoggingAspect– Execution time (milis) 4 method execution(public com.fox.factory.entities.User com.fox.factory.service.UserService.getByUsername(java.lang.String))
15:57:37.882 [http-nio-8000-exec-4] INFO  c.fox.factory.utils.LoggingAspect– Execution time (milis) 17 method execution(public java.lang.String com.fox.factory.service.JwtService.generateToken(com.fox.factory.entities.User))
15:57:37.883 [http-nio-8000-exec-4] INFO  c.fox.factory.utils.LoggingAspect– Execution time (milis) 311 method execution(public com.fox.factory.entities.dto.security.Token com.fox.factory.service.AuthenticationService.authenticate(com.fox.factory.entities.dto.security.AuthenticationRequestDto))
15:57:38.040 [http-nio-8000-exec-6] INFO  c.fox.factory.utils.LoggingAspect– Execution time (milis) 131 method execution(public com.fox.factory.entities.dto.UserDetailDto com.fox.factory.service.UserService.getDtoByUsername(java.lang.String))
15:57:56.163 [http-nio-8000-exec-10] INFO  c.fox.factory.utils.LoggingAspect– Execution time (milis) 14 method execution(public java.lang.String com.fox.factory.service.JwtService.extractUsername(java.lang.String))
15:57:56.165 [http-nio-8000-exec-10] INFO  c.fox.factory.utils.LoggingAspect– Execution time (milis) 2 method execution(public boolean com.fox.factory.service.JwtService.isNotExpired(java.lang.String))
15:57:56.169 [http-nio-8000-exec-10] INFO  c.fox.factory.utils.LoggingAspect– Execution time (milis) 4 method execution(public java.util.Optional com.fox.factory.service.UserService.findByUsername(java.lang.String))
15:57:56.200 [http-nio-8000-exec-10] INFO  c.fox.factory.utils.LoggingAspect– Execution time (milis) 19 method execution(public com.fox.factory.entities.dto.AttendanceTicketDto com.fox.factory.service.AttendanceTicketService.createAttendanceTicket(com.fox.factory.entities.dto.AttendanceTicketDto))
15:58:04.185 [task-1] INFO  c.fox.factory.utils.LoggingAspect– Execution time (milis) 8004 method execution(public void com.fox.factory.service.MyEmailService.sendEmail(java.lang.String,java.lang.String))
15:58:43.421 [http-nio-8000-exec-3] INFO  c.fox.factory.utils.LoggingAspect– Execution time (milis) 51 method execution(public com.fox.factory.entities.dto.UserDetailDto com.fox.factory.service.UserService.getDtoByUsername(java.lang.String))
15:58:43.500 [http-nio-8000-exec-7] INFO  c.fox.factory.utils.LoggingAspect– Execution time (milis) 70 method execution(public com.fox.factory.entities.dto.UserDetailDto com.fox.factory.service.UserService.getDtoByUsername(java.lang.String))
15:58:43.554 [http-nio-8000-exec-8] INFO  c.fox.factory.utils.LoggingAspect– Execution time (milis) 47 method execution(public com.fox.factory.entities.dto.UserDetailDto com.fox.factory.service.UserService.getDtoByUsername(java.lang.String))
16:06:47.501 [http-nio-8000-exec-4] INFO  c.fox.factory.utils.LoggingAspect– Execution time (milis) 18 method execution(public java.util.List com.fox.factory.service.AttendanceTicketService.findByUserId(java.lang.Long))
16:06:47.530 [http-nio-8000-exec-1] INFO  c.fox.factory.utils.LoggingAspect– Execution time (milis) 49 method execution(public com.fox.factory.entities.dto.UserDetailDto com.fox.factory.service.UserService.getDtoByUsername(java.lang.String))
16:06:47.589 [http-nio-8000-exec-6] INFO  c.fox.factory.utils.LoggingAspect– Execution time (milis) 52 method execution(public com.fox.factory.entities.dto.UserDetailDto com.fox.factory.service.UserService.getDtoByUsername(java.lang.String))
16:06:47.651 [http-nio-8000-exec-2] INFO  c.fox.factory.utils.LoggingAspect– Execution time (milis) 53 method execution(public com.fox.factory.entities.dto.UserDetailDto com.fox.factory.service.UserService.getDtoByUsername(java.lang.String))
17:02:12.305 [http-nio-8000-exec-8] INFO  c.fox.factory.utils.LoggingAspect– Execution time (milis) 76 method execution(public com.fox.factory.entities.User com.fox.factory.service.UserService.save(com.fox.factory.entities.dto.UserDetailDto))
17:02:12.308 [http-nio-8000-exec-8] INFO  c.fox.factory.utils.LoggingAspect– Execution time (milis) 1 method execution(public java.lang.String com.fox.factory.service.JwtService.generateToken(com.fox.factory.entities.User))
17:02:12.309 [http-nio-8000-exec-8] INFO  c.fox.factory.utils.LoggingAspect– Execution time (milis) 81 method execution(public com.fox.factory.entities.dto.security.Token com.fox.factory.service.AuthenticationService.register(com.fox.factory.entities.dto.UserDetailDto))
17:10:14.187 [http-nio-8000-exec-5] WARN  o.h.e.jdbc.spi.SqlExceptionHelper– SQL Error: 0, SQLState: 23505
17:10:14.188 [http-nio-8000-exec-5] ERROR o.h.e.jdbc.spi.SqlExceptionHelper– ОШИБКА: повторяющееся значение ключа нарушает ограничение уникальности "uk_dwk6cx0afu8bs9o4t536v1j5v"
  Detail: Ключ "(email)=(shalava121212121@rambler.ru)" уже существует.
17:10:14.230 [http-nio-8000-exec-5] ERROR c.fox.factory.utils.LoggingAspect– Error occured while timing and executing method execution(public com.fox.factory.entities.User com.fox.factory.service.UserService.save(com.fox.factory.entities.dto.UserDetailDto))MSG: org.springframework.dao.DataIntegrityViolationException: could not execute statement; SQL [n/a]; constraint [null]
17:10:14.230 [http-nio-8000-exec-5] INFO  c.fox.factory.utils.LoggingAspect– Execution time (milis) 153 method execution(public com.fox.factory.entities.User com.fox.factory.service.UserService.save(com.fox.factory.entities.dto.UserDetailDto))
17:10:14.235 [http-nio-8000-exec-5] ERROR c.fox.factory.utils.LoggingAspect– Error occured while timing and executing method execution(public com.fox.factory.entities.dto.security.Token com.fox.factory.service.AuthenticationService.register(com.fox.factory.entities.dto.UserDetailDto))MSG: org.springframework.transaction.UnexpectedRollbackException: Transaction silently rolled back because it has been marked as rollback-only
17:10:14.235 [http-nio-8000-exec-5] INFO  c.fox.factory.utils.LoggingAspect– Execution time (milis) 159 method execution(public com.fox.factory.entities.dto.security.Token com.fox.factory.service.AuthenticationService.register(com.fox.factory.entities.dto.UserDetailDto))
17:10:54.376 [http-nio-8000-exec-1] INFO  c.fox.factory.utils.LoggingAspect– Execution time (milis) 15 method execution(public java.util.Optional com.fox.factory.service.UserService.findByUsername(java.lang.String))
17:10:54.447 [http-nio-8000-exec-1] INFO  c.fox.factory.utils.LoggingAspect– Execution time (milis) 5 method execution(public com.fox.factory.entities.User com.fox.factory.service.UserService.getByUsername(java.lang.String))
17:10:54.449 [http-nio-8000-exec-1] INFO  c.fox.factory.utils.LoggingAspect– Execution time (milis) 1 method execution(public java.lang.String com.fox.factory.service.JwtService.generateToken(com.fox.factory.entities.User))
17:10:54.449 [http-nio-8000-exec-1] INFO  c.fox.factory.utils.LoggingAspect– Execution time (milis) 89 method execution(public com.fox.factory.entities.dto.security.Token com.fox.factory.service.AuthenticationService.authenticate(com.fox.factory.entities.dto.security.AuthenticationRequestDto))
17:10:54.481 [http-nio-8000-exec-6] INFO  c.fox.factory.utils.LoggingAspect– Execution time (milis) 19 method execution(public com.fox.factory.entities.dto.UserDetailDto com.fox.factory.service.UserService.getDtoByUsername(java.lang.String))
17:10:57.954 [http-nio-8000-exec-2] INFO  c.fox.factory.utils.LoggingAspect– Execution time (milis) 9 method execution(public com.fox.factory.entities.dto.UserDetailDto com.fox.factory.service.UserService.getDtoByUsername(java.lang.String))
17:10:57.971 [http-nio-8000-exec-3] INFO  c.fox.factory.utils.LoggingAspect– Execution time (milis) 4 method execution(public java.util.List com.fox.factory.service.AttendanceTicketService.findByUserId(java.lang.Long))
17:10:57.974 [http-nio-8000-exec-10] INFO  c.fox.factory.utils.LoggingAspect– Execution time (milis) 10 method execution(public com.fox.factory.entities.dto.UserDetailDto com.fox.factory.service.UserService.getDtoByUsername(java.lang.String))
17:10:57.989 [http-nio-8000-exec-7] INFO  c.fox.factory.utils.LoggingAspect– Execution time (milis) 9 method execution(public com.fox.factory.entities.dto.UserDetailDto com.fox.factory.service.UserService.getDtoByUsername(java.lang.String))
17:11:02.413 [http-nio-8000-exec-8] INFO  c.fox.factory.utils.LoggingAspect– Execution time (milis) 8 method execution(public java.util.List com.fox.factory.service.CatrgoryService.getAll())
17:11:02.533 [http-nio-8000-exec-9] INFO  c.fox.factory.utils.LoggingAspect– Execution time (milis) 99 method execution(public java.util.List com.fox.factory.service.ProductService.getAll())
17:11:07.448 [http-nio-8000-exec-4] INFO  c.fox.factory.utils.LoggingAspect– Execution time (milis) 95 method execution(public java.util.List com.fox.factory.service.ProductService.findByCategoriesAndNames(java.util.List,java.lang.String,org.springframework.data.domain.Pageable))
17:51:45.034 [SpringApplicationShutdownHook] INFO  o.s.o.j.LocalContainerEntityManagerFactoryBean– Closing JPA EntityManagerFactory for persistence unit 'default'
17:51:45.058 [SpringApplicationShutdownHook] INFO  com.zaxxer.hikari.HikariDataSource– HikariPool-1 - Shutdown initiated...
17:51:45.062 [SpringApplicationShutdownHook] INFO  com.zaxxer.hikari.HikariDataSource– HikariPool-1 - Shutdown completed.
